#
# A fatal error has been detected by the Java Runtime Environment:
#
#  SIGBUS (0xa) at pc=0x000000010a322e92, pid=32258, tid=0x0000000000009903
#
# JRE version: Java(TM) SE Runtime Environment (8.0_171-b11) (build 1.8.0_171-b11)
# Java VM: Java HotSpot(TM) 64-Bit Server VM (25.171-b11 mixed mode bsd-amd64 compressed oops)
# Problematic frame:
# C  [libzip.dylib+0x2e92]  newEntry+0x154
#
# Failed to write core dump. Core dumps have been disabled. To enable core dumping, try "ulimit -c unlimited" before starting Java again
#
# If you would like to submit a bug report, please visit:
#   http://bugreport.java.com/bugreport/crash.jsp
# The crash happened outside the Java Virtual Machine in native code.
# See problematic frame for where to report the bug.
#

---------------  T H R E A D  ---------------

Current thread (0x00007fb72a9f3800):  JavaThread "XNIO-3 task-9" [_thread_in_native, id=39171, stack(0x0000700004488000,0x0000700004588000)]

siginfo: si_signo: 10 (SIGBUS), si_code: 2 (BUS_ADRERR), si_addr: 0x00000001165fb227

Registers:
RAX=0x00007fb728e1dc50, RBX=0x00000001165fb21b, RCX=0x0000000000000001, RDX=0x0000000000000000
RSP=0x0000700004581970, RBP=0x00007000045819d0, RSI=0x00000000ffffffc3, RDI=0x0000000000000307
R8 =0x0000000072b13066, R9 =0x0000000000000004, R10=0x00000000ffffffc0, R11=0x00007fb72b100000
R12=0x00007fb728e1dd90, R13=0x0000000000000160, R14=0x000000001c6e4ddc, R15=0x00007fb72b68f060
RIP=0x000000010a322e92, EFLAGS=0x0000000000010206, ERR=0x0000000000000004
  TRAPNO=0x000000000000000e

Top of Stack: (sp=0x0000700004581970)
0x0000700004581970:   0000003200000000 0000000004581d88
0x0000700004581980:   00007fb72f321e68 0000000116ef5ba0
0x0000700004581990:   00007000045819b0 00007fb728e1dc50
0x00007000045819a0:   00007fb72b130610 00007fb728e1dc50
0x00007000045819b0:   00007fb728e1dd90 0000000000000160
0x00007000045819c0:   000000001c6e4ddc 00007fb72b68f060
0x00007000045819d0:   0000700004581a30 000000010a32352d
0x00007000045819e0:   0000700004581a81 0000700004581a80
0x00007000045819f0:   0000003100000000 00000032019f3800
0x0000700004581a00:   0000700004581a4e 0000700004581e98
0x0000700004581a10:   0000000000000032 0000700004581a4e
0x0000700004581a20:   00007fb728e1dc50 00007fb72a9f39f8
0x0000700004581a30:   0000700004581e80 000000010a322238
0x0000700004581a40:   00007fb72a9f3800 6f637fb700000001
0x0000700004581a50:   63617073796d2f6d 656d75636f642f65
0x0000700004581a60:   6172656e6567746e 75636f642f726f74
0x0000700004581a70:   75736552746e656d 7373616c632e746c
0x0000700004581a80:   0000000000000000 000000011451b3d8
0x0000700004581a90:   00007fb72a9f3800 000000011451b3d8
0x0000700004581aa0:   000000011451b3d8 000000011451b3d8
0x0000700004581ab0:   000000011451b3d8 000000011451b3d8
0x0000700004581ac0:   0000000116ef5ba0 0000700004581bd0
0x0000700004581ad0:   000000011451b3d8 0000700004581d80
0x0000700004581ae0:   00007fb72a9f3800 0000700004581bd0
0x0000700004581af0:   000000011451b3d8 0000700004581d80
0x0000700004581b00:   0000700004581c70 00000001095b55b7
0x0000700004581b10:   00007fb72a9f3800 00007fb72f321e68
0x0000700004581b20:   00007fb72a9f39f8 0000700004581d80
0x0000700004581b30:   0000700004581b70 00000007798a6be0
0x0000700004581b40:   00000006c0006598 0000000109273080
0x0000700004581b50:   0000000000000008 0000000109276e00
0x0000700004581b60:   0000000000000077 00007fb72b6896c2 

Instructions: (pc=0x000000010a322e92)
0x000000010a322e72:   49 8b 7f 38 e8 5b 1b 00 00 4d 89 77 38 49 89 5f
0x000000010a322e82:   40 4c 89 f0 48 85 c0 0f 84 11 05 00 00 48 89 c3
0x000000010a322e92:   0f b6 43 0c 0f b6 4b 0d 48 c1 e1 08 48 01 c1 0f
0x000000010a322ea2:   b6 43 0e 0f b6 53 0f 48 c1 e2 08 48 01 c2 48 c1 

Register to memory mapping:

RAX=0x00007fb728e1dc50 is an unknown value
RBX=0x00000001165fb21b is an unknown value
RCX=0x0000000000000001 is an unknown value
RDX=0x0000000000000000 is an unknown value
RSP=0x0000700004581970 is pointing into the stack for thread: 0x00007fb72a9f3800
RBP=0x00007000045819d0 is pointing into the stack for thread: 0x00007fb72a9f3800
RSI=0x00000000ffffffc3 is an unknown value
RDI=0x0000000000000307 is an unknown value
R8 =0x0000000072b13066 is an unknown value
R9 =0x0000000000000004 is an unknown value
R10=0x00000000ffffffc0 is an unknown value
R11=0x00007fb72b100000 is an unknown value
R12=0x00007fb728e1dd90 is an unknown value
R13=0x0000000000000160 is an unknown value
R14=0x000000001c6e4ddc is an unknown value
R15=0x00007fb72b68f060 is an unknown value


Stack: [0x0000700004488000,0x0000700004588000],  sp=0x0000700004581970,  free space=998k
Native frames: (J=compiled Java code, j=interpreted, Vv=VM code, C=native code)
C  [libzip.dylib+0x2e92]  newEntry+0x154
C  [libzip.dylib+0x352d]  ZIP_GetEntry2+0xd4
C  [libzip.dylib+0x2238]  Java_java_util_zip_ZipFile_getEntry+0xcf
J 41  java.util.zip.ZipFile.getEntry(J[BZ)J (0 bytes) @ 0x0000000116fcadce [0x0000000116fcad00+0xce]
J 4444 C2 java.util.zip.ZipFile.getEntry(Ljava/lang/String;)Ljava/util/zip/ZipEntry; (101 bytes) @ 0x000000011726f0c0 [0x000000011726ed40+0x380]
J 961 C2 sun.misc.URLClassPath$JarLoader.getResource(Ljava/lang/String;Z)Lsun/misc/Resource; (85 bytes) @ 0x000000011724ac6c [0x000000011724abe0+0x8c]
J 512 C2 sun.misc.URLClassPath.getResource(Ljava/lang/String;Z)Lsun/misc/Resource; (83 bytes) @ 0x0000000117144e94 [0x0000000117144d00+0x194]
J 6146 C2 java.net.URLClassLoader$1.run()Ljava/lang/Object; (5 bytes) @ 0x0000000117985c3c [0x0000000117985740+0x4fc]
v  ~StubRoutines::call_stub
V  [libjvm.dylib+0x2ef1f6]
V  [libjvm.dylib+0x34fb24]
J 173  java.security.AccessController.doPrivileged(Ljava/security/PrivilegedExceptionAction;Ljava/security/AccessControlContext;)Ljava/lang/Object; (0 bytes) @ 0x0000000117011915 [0x0000000117011840+0xd5]
J 7182 C2 java.net.URLClassLoader.findClass(Ljava/lang/String;)Ljava/lang/Class; (47 bytes) @ 0x000000011783f5bc [0x000000011783f520+0x9c]
J 6158 C2 java.lang.ClassLoader.loadClass(Ljava/lang/String;Z)Ljava/lang/Class; (122 bytes) @ 0x0000000117883c38 [0x0000000117883820+0x418]
J 1693 C2 java.lang.ClassLoader.loadClass(Ljava/lang/String;)Ljava/lang/Class; (7 bytes) @ 0x00000001174890dc [0x0000000117488f40+0x19c]
v  ~StubRoutines::call_stub
V  [libjvm.dylib+0x2ef1f6]
V  [libjvm.dylib+0x2ef99a]
V  [libjvm.dylib+0x2efaf2]
V  [libjvm.dylib+0x53f8c6]
V  [libjvm.dylib+0x53f08e]
V  [libjvm.dylib+0x53fae2]
V  [libjvm.dylib+0x540195]
V  [libjvm.dylib+0x34786d]
V  [libjvm.dylib+0x351f22]
C  [libjava.dylib+0x195a]  Java_java_lang_Class_forName0+0x13f
J 823  java.lang.Class.forName0(Ljava/lang/String;ZLjava/lang/ClassLoader;Ljava/lang/Class;)Ljava/lang/Class; (0 bytes) @ 0x00000001171e2d34 [0x00000001171e2c40+0xf4]
J 3060 C2 java.lang.Class.forName(Ljava/lang/String;ZLjava/lang/ClassLoader;)Ljava/lang/Class; (53 bytes) @ 0x00000001179ab508 [0x00000001179ab4e0+0x28]
J 7187 C1 org.drools.core.common.ProjectClassLoader.internalLoadClass(Ljava/lang/String;Z)Ljava/lang/Class; (53 bytes) @ 0x000000011743b394 [0x000000011743b1c0+0x1d4]
J 6271 C1 org.drools.core.common.ProjectClassLoader.loadClass(Ljava/lang/String;Z)Ljava/lang/Class; (53 bytes) @ 0x000000011711d30c [0x000000011711d020+0x2ec]
J 1693 C2 java.lang.ClassLoader.loadClass(Ljava/lang/String;)Ljava/lang/Class; (7 bytes) @ 0x00000001174890fc [0x0000000117488f40+0x1bc]
J 7204 C1 org.mvel2.ParserConfiguration.checkForDynamicImport(Ljava/lang/String;)Z (167 bytes) @ 0x0000000118195eec [0x0000000118194d60+0x118c]
J 7203 C1 org.mvel2.ParserConfiguration.hasImport(Ljava/lang/String;)Z (37 bytes) @ 0x00000001181a9054 [0x00000001181a8de0+0x274]
J 7226 C1 org.mvel2.compiler.AbstractParser.createPropertyToken(II)Lorg/mvel2/ast/ASTNode; (491 bytes) @ 0x00000001181b8a34 [0x00000001181b8180+0x8b4]
j  org.mvel2.compiler.AbstractParser.nextToken()Lorg/mvel2/ast/ASTNode;+5295
J 7756 C1 org.mvel2.compiler.ExpressionCompiler._compile()Lorg/mvel2/compiler/CompiledExpression; (1214 bytes) @ 0x000000011836f18c [0x000000011836efc0+0x1cc]
J 7767 C1 org.mvel2.compiler.ExpressionCompiler.compile()Lorg/mvel2/compiler/CompiledExpression; (462 bytes) @ 0x0000000118382344 [0x00000001183822c0+0x84]
j  org.mvel2.MVEL.analyze([CLorg/mvel2/ParserContext;)Ljava/lang/Class;+16
j  org.mvel2.MVEL.analyze(Ljava/lang/String;Lorg/mvel2/ParserContext;)Ljava/lang/Class;+5
j  org.drools.compiler.rule.builder.dialect.mvel.MVELExprAnalyzer.analyzeExpression(Lorg/drools/compiler/rule/builder/PackageBuildContext;Ljava/lang/String;Lorg/drools/compiler/compiler/BoundIdentifiers;Ljava/util/Map;Ljava/lang/String;Ljava/lang/Class;)Lorg/drools/compiler/rule/builder/dialect/mvel/MVELAnalysisResult;+287
j  org.drools.compiler.rule.builder.dialect.mvel.MVELDialect.analyzeBlock(Lorg/drools/compiler/rule/builder/PackageBuildContext;Ljava/lang/String;Lorg/drools/compiler/compiler/BoundIdentifiers;Ljava/util/Map;Ljava/lang/String;Ljava/lang/Class;)Lorg/drools/compiler/compiler/AnalysisResult;+9
j  org.drools.compiler.rule.builder.dialect.mvel.MVELConsequenceBuilder.build(Lorg/drools/compiler/rule/builder/RuleBuildContext;Ljava/lang/String;)V+113
j  org.drools.compiler.rule.builder.RuleBuilder.build(Lorg/drools/compiler/rule/builder/RuleBuildContext;)V+128
j  org.drools.compiler.builder.impl.KnowledgeBuilderImpl.internalAddRule(Lorg/drools/compiler/rule/builder/RuleBuildContext;)Ljava/util/List;+1
j  org.drools.compiler.builder.impl.KnowledgeBuilderImpl.addRule(Lorg/drools/compiler/rule/builder/RuleBuildContext;)Ljava/util/List;+8
j  org.drools.compiler.builder.impl.KnowledgeBuilderImpl.compileRulesLevel(Lorg/drools/compiler/lang/descr/PackageDescr;Lorg/drools/compiler/compiler/PackageRegistry;Ljava/util/List;)V+234
j  org.drools.compiler.builder.impl.KnowledgeBuilderImpl.compileRules(Lorg/drools/compiler/lang/descr/PackageDescr;Lorg/drools/compiler/compiler/PackageRegistry;)V+73
j  org.drools.compiler.builder.impl.KnowledgeBuilderImpl.compileKnowledgePackages(Lorg/drools/compiler/lang/descr/PackageDescr;Lorg/drools/compiler/compiler/PackageRegistry;)V+23
j  org.drools.compiler.builder.impl.KnowledgeBuilderImpl.buildRules(Ljava/util/Collection;)V+48
j  org.drools.compiler.builder.impl.KnowledgeBuilderImpl.buildPackages(Ljava/util/Collection;)V+7
j  org.drools.compiler.builder.impl.CompositeKnowledgeBuilderImpl.build(Z)V+32
j  org.drools.compiler.builder.impl.CompositeKnowledgeBuilderImpl.build()V+2
j  org.drools.compiler.kie.builder.impl.AbstractKieProject.buildKnowledgePackages(Lorg/drools/compiler/kproject/models/KieBaseModelImpl;Lorg/drools/compiler/kie/builder/impl/ResultsImpl;)Lorg/kie/internal/builder/KnowledgeBuilder;+370
j  org.drools.compiler.kie.builder.impl.AbstractKieModule.buildKnowledgePackages(Lorg/drools/compiler/kproject/models/KieBaseModelImpl;Lorg/drools/compiler/kie/builder/impl/KieProject;Lorg/drools/compiler/kie/builder/impl/ResultsImpl;)Lorg/drools/compiler/kie/builder/impl/KnowledgePackagesBuildResult;+18
j  org.drools.compiler.kie.builder.impl.AbstractKieModule.createKieBase(Lorg/drools/compiler/kproject/models/KieBaseModelImpl;Lorg/drools/compiler/kie/builder/impl/KieProject;Lorg/drools/compiler/kie/builder/impl/ResultsImpl;Lorg/kie/api/KieBaseConfiguration;)Lorg/drools/core/impl/InternalKnowledgeBase;+4
j  org.drools.compiler.kie.builder.impl.KieContainerImpl.createKieBase(Lorg/drools/compiler/kproject/models/KieBaseModelImpl;Lorg/drools/compiler/kie/builder/impl/KieProject;Lorg/drools/compiler/kie/builder/impl/ResultsImpl;Lorg/kie/api/KieBaseConfiguration;)Lorg/kie/api/KieBase;+19
j  org.drools.compiler.kie.builder.impl.KieContainerImpl.getKieBase(Ljava/lang/String;)Lorg/kie/api/KieBase;+65
j  org.drools.compiler.kie.builder.impl.KieContainerImpl.getKieBaseFromKieSessionModel(Lorg/kie/api/builder/model/KieSessionModel;)Lorg/kie/api/KieBase;+56
j  org.drools.compiler.kie.builder.impl.KieContainerImpl.newKieSession(Ljava/lang/String;Lorg/kie/api/runtime/Environment;Lorg/kie/api/runtime/KieSessionConfiguration;)Lorg/kie/api/runtime/KieSession;+62
j  org.drools.compiler.kie.builder.impl.KieContainerImpl.newKieSession(Lorg/kie/api/runtime/Environment;Lorg/kie/api/runtime/KieSessionConfiguration;)Lorg/kie/api/runtime/KieSession;+4
j  org.drools.compiler.kie.builder.impl.KieContainerImpl.newKieSession()Lorg/kie/api/runtime/KieSession;+6
j  com.redhat.rest.example.demorest.DocumentCheckListGenerator.process(Ljava/io/InputStream;)Ljava/lang/String;+204
v  ~StubRoutines::call_stub
V  [libjvm.dylib+0x2ef1f6]
V  [libjvm.dylib+0x4d590c]
V  [libjvm.dylib+0x4d5e40]
V  [libjvm.dylib+0x34777c]
J 2409  sun.reflect.NativeMethodAccessorImpl.invoke0(Ljava/lang/reflect/Method;Ljava/lang/Object;[Ljava/lang/Object;)Ljava/lang/Object; (0 bytes) @ 0x00000001176f152d [0x00000001176f1440+0xed]
J 1898 C1 sun.reflect.NativeMethodAccessorImpl.invoke(Ljava/lang/Object;[Ljava/lang/Object;)Ljava/lang/Object; (104 bytes) @ 0x0000000117552214 [0x0000000117551040+0x11d4]
J 7490 C2 sun.reflect.DelegatingMethodAccessorImpl.invoke(Ljava/lang/Object;[Ljava/lang/Object;)Ljava/lang/Object; (10 bytes) @ 0x00000001172cc2e8 [0x00000001172cc2a0+0x48]
J 1001 C1 java.lang.reflect.Method.invoke(Ljava/lang/Object;[Ljava/lang/Object;)Ljava/lang/Object; (62 bytes) @ 0x000000011725e71c [0x000000011725e320+0x3fc]
j  org.apache.camel.component.bean.MethodInfo.invoke(Ljava/lang/reflect/Method;Ljava/lang/Object;[Ljava/lang/Object;Lorg/apache/camel/Exchange;)Ljava/lang/Object;+3
j  org.apache.camel.component.bean.MethodInfo$1.doProceed(Lorg/apache/camel/AsyncCallback;)Z+149
j  org.apache.camel.component.bean.MethodInfo$1.proceed(Lorg/apache/camel/AsyncCallback;)Z+33
j  org.apache.camel.component.bean.AbstractBeanProcessor.process(Lorg/apache/camel/Exchange;Lorg/apache/camel/AsyncCallback;)Z+632
j  org.apache.camel.component.bean.BeanProcessor.process(Lorg/apache/camel/Exchange;Lorg/apache/camel/AsyncCallback;)Z+6
j  org.apache.camel.processor.RedeliveryErrorHandler.process(Lorg/apache/camel/Exchange;Lorg/apache/camel/AsyncCallback;)Z+550
j  org.apache.camel.processor.CamelInternalProcessor.process(Lorg/apache/camel/Exchange;Lorg/apache/camel/AsyncCallback;)Z+306
j  org.apache.camel.processor.Pipeline.process(Lorg/apache/camel/Exchange;Lorg/apache/camel/Exchange;Lorg/apache/camel/AsyncCallback;Ljava/util/Iterator;Lorg/apache/camel/AsyncProcessor;)Z+33
j  org.apache.camel.processor.Pipeline.process(Lorg/apache/camel/Exchange;Lorg/apache/camel/AsyncCallback;)Z+71
j  org.apache.camel.processor.CamelInternalProcessor.process(Lorg/apache/camel/Exchange;Lorg/apache/camel/AsyncCallback;)Z+306
j  org.apache.camel.processor.DelegateAsyncProcessor.process(Lorg/apache/camel/Exchange;)V+34
j  org.apache.camel.http.common.CamelServlet.doService(Ljavax/servlet/http/HttpServletRequest;Ljavax/servlet/http/HttpServletResponse;)V+546
j  org.apache.camel.http.common.CamelServlet.service(Ljavax/servlet/http/HttpServletRequest;Ljavax/servlet/http/HttpServletResponse;)V+33
j  javax.servlet.http.HttpServlet.service(Ljavax/servlet/ServletRequest;Ljavax/servlet/ServletResponse;)V+39
j  io.undertow.servlet.handlers.ServletHandler.handleRequest(Lio/undertow/server/HttpServerExchange;)V+143
j  io.undertow.servlet.handlers.FilterHandler$FilterChainImpl.doFilter(Ljavax/servlet/ServletRequest;Ljavax/servlet/ServletResponse;)V+124
j  org.springframework.boot.web.filter.ApplicationContextHeaderFilter.doFilterInternal(Ljavax/servlet/http/HttpServletRequest;Ljavax/servlet/http/HttpServletResponse;Ljavax/servlet/FilterChain;)V+20
j  org.springframework.web.filter.OncePerRequestFilter.doFilter(Ljavax/servlet/ServletRequest;Ljavax/servlet/ServletResponse;Ljavax/servlet/FilterChain;)V+111
j  io.undertow.servlet.core.ManagedFilter.doFilter(Ljavax/servlet/ServletRequest;Ljavax/servlet/ServletResponse;Ljavax/servlet/FilterChain;)V+60
j  io.undertow.servlet.handlers.FilterHandler$FilterChainImpl.doFilter(Ljavax/servlet/ServletRequest;Ljavax/servlet/ServletResponse;)V+149
j  org.springframework.web.filter.CorsFilter.doFilterInternal(Ljavax/servlet/http/HttpServletRequest;Ljavax/servlet/http/HttpServletResponse;Ljavax/servlet/FilterChain;)V+55
j  org.springframework.web.filter.OncePerRequestFilter.doFilter(Ljavax/servlet/ServletRequest;Ljavax/servlet/ServletResponse;Ljavax/servlet/FilterChain;)V+111
j  io.undertow.servlet.core.ManagedFilter.doFilter(Ljavax/servlet/ServletRequest;Ljavax/servlet/ServletResponse;Ljavax/servlet/FilterChain;)V+60
j  io.undertow.servlet.handlers.FilterHandler$FilterChainImpl.doFilter(Ljavax/servlet/ServletRequest;Ljavax/servlet/ServletResponse;)V+149
j  org.springframework.boot.actuate.trace.WebRequestTraceFilter.doFilterInternal(Ljavax/servlet/http/HttpServletRequest;Ljavax/servlet/http/HttpServletResponse;Ljavax/servlet/FilterChain;)V+30
j  org.springframework.web.filter.OncePerRequestFilter.doFilter(Ljavax/servlet/ServletRequest;Ljavax/servlet/ServletResponse;Ljavax/servlet/FilterChain;)V+111
j  io.undertow.servlet.core.ManagedFilter.doFilter(Ljavax/servlet/ServletRequest;Ljavax/servlet/ServletResponse;Ljavax/servlet/FilterChain;)V+60
j  io.undertow.servlet.handlers.FilterHandler$FilterChainImpl.doFilter(Ljavax/servlet/ServletRequest;Ljavax/servlet/ServletResponse;)V+149
j  org.springframework.web.filter.RequestContextFilter.doFilterInternal(Ljavax/servlet/http/HttpServletRequest;Ljavax/servlet/http/HttpServletResponse;Ljavax/servlet/FilterChain;)V+21
...<more frames>...

Java frames: (J=compiled Java code, j=interpreted, Vv=VM code)
J 41  java.util.zip.ZipFile.getEntry(J[BZ)J (0 bytes) @ 0x0000000116fcad58 [0x0000000116fcad00+0x58]
J 4444 C2 java.util.zip.ZipFile.getEntry(Ljava/lang/String;)Ljava/util/zip/ZipEntry; (101 bytes) @ 0x000000011726f0c0 [0x000000011726ed40+0x380]
J 961 C2 sun.misc.URLClassPath$JarLoader.getResource(Ljava/lang/String;Z)Lsun/misc/Resource; (85 bytes) @ 0x000000011724ac6c [0x000000011724abe0+0x8c]
J 512 C2 sun.misc.URLClassPath.getResource(Ljava/lang/String;Z)Lsun/misc/Resource; (83 bytes) @ 0x0000000117144e94 [0x0000000117144d00+0x194]
J 6146 C2 java.net.URLClassLoader$1.run()Ljava/lang/Object; (5 bytes) @ 0x0000000117985c3c [0x0000000117985740+0x4fc]
v  ~StubRoutines::call_stub
J 173  java.security.AccessController.doPrivileged(Ljava/security/PrivilegedExceptionAction;Ljava/security/AccessControlContext;)Ljava/lang/Object; (0 bytes) @ 0x00000001170118a3 [0x0000000117011840+0x63]
J 7182 C2 java.net.URLClassLoader.findClass(Ljava/lang/String;)Ljava/lang/Class; (47 bytes) @ 0x000000011783f5bc [0x000000011783f520+0x9c]
J 6158 C2 java.lang.ClassLoader.loadClass(Ljava/lang/String;Z)Ljava/lang/Class; (122 bytes) @ 0x0000000117883c38 [0x0000000117883820+0x418]
J 1693 C2 java.lang.ClassLoader.loadClass(Ljava/lang/String;)Ljava/lang/Class; (7 bytes) @ 0x00000001174890dc [0x0000000117488f40+0x19c]
v  ~StubRoutines::call_stub
J 823  java.lang.Class.forName0(Ljava/lang/String;ZLjava/lang/ClassLoader;Ljava/lang/Class;)Ljava/lang/Class; (0 bytes) @ 0x00000001171e2cba [0x00000001171e2c40+0x7a]
J 3060 C2 java.lang.Class.forName(Ljava/lang/String;ZLjava/lang/ClassLoader;)Ljava/lang/Class; (53 bytes) @ 0x00000001179ab508 [0x00000001179ab4e0+0x28]
J 7187 C1 org.drools.core.common.ProjectClassLoader.internalLoadClass(Ljava/lang/String;Z)Ljava/lang/Class; (53 bytes) @ 0x000000011743b394 [0x000000011743b1c0+0x1d4]
J 6271 C1 org.drools.core.common.ProjectClassLoader.loadClass(Ljava/lang/String;Z)Ljava/lang/Class; (53 bytes) @ 0x000000011711d30c [0x000000011711d020+0x2ec]
J 1693 C2 java.lang.ClassLoader.loadClass(Ljava/lang/String;)Ljava/lang/Class; (7 bytes) @ 0x00000001174890fc [0x0000000117488f40+0x1bc]
J 7204 C1 org.mvel2.ParserConfiguration.checkForDynamicImport(Ljava/lang/String;)Z (167 bytes) @ 0x0000000118195eec [0x0000000118194d60+0x118c]
J 7203 C1 org.mvel2.ParserConfiguration.hasImport(Ljava/lang/String;)Z (37 bytes) @ 0x00000001181a9054 [0x00000001181a8de0+0x274]
J 7226 C1 org.mvel2.compiler.AbstractParser.createPropertyToken(II)Lorg/mvel2/ast/ASTNode; (491 bytes) @ 0x00000001181b8a34 [0x00000001181b8180+0x8b4]
j  org.mvel2.compiler.AbstractParser.nextToken()Lorg/mvel2/ast/ASTNode;+5295
J 7756 C1 org.mvel2.compiler.ExpressionCompiler._compile()Lorg/mvel2/compiler/CompiledExpression; (1214 bytes) @ 0x000000011836f18c [0x000000011836efc0+0x1cc]
J 7767 C1 org.mvel2.compiler.ExpressionCompiler.compile()Lorg/mvel2/compiler/CompiledExpression; (462 bytes) @ 0x0000000118382344 [0x00000001183822c0+0x84]
j  org.mvel2.MVEL.analyze([CLorg/mvel2/ParserContext;)Ljava/lang/Class;+16
j  org.mvel2.MVEL.analyze(Ljava/lang/String;Lorg/mvel2/ParserContext;)Ljava/lang/Class;+5
j  org.drools.compiler.rule.builder.dialect.mvel.MVELExprAnalyzer.analyzeExpression(Lorg/drools/compiler/rule/builder/PackageBuildContext;Ljava/lang/String;Lorg/drools/compiler/compiler/BoundIdentifiers;Ljava/util/Map;Ljava/lang/String;Ljava/lang/Class;)Lorg/drools/compiler/rule/builder/dialect/mvel/MVELAnalysisResult;+287
j  org.drools.compiler.rule.builder.dialect.mvel.MVELDialect.analyzeBlock(Lorg/drools/compiler/rule/builder/PackageBuildContext;Ljava/lang/String;Lorg/drools/compiler/compiler/BoundIdentifiers;Ljava/util/Map;Ljava/lang/String;Ljava/lang/Class;)Lorg/drools/compiler/compiler/AnalysisResult;+9
j  org.drools.compiler.rule.builder.dialect.mvel.MVELConsequenceBuilder.build(Lorg/drools/compiler/rule/builder/RuleBuildContext;Ljava/lang/String;)V+113
j  org.drools.compiler.rule.builder.RuleBuilder.build(Lorg/drools/compiler/rule/builder/RuleBuildContext;)V+128
j  org.drools.compiler.builder.impl.KnowledgeBuilderImpl.internalAddRule(Lorg/drools/compiler/rule/builder/RuleBuildContext;)Ljava/util/List;+1
j  org.drools.compiler.builder.impl.KnowledgeBuilderImpl.addRule(Lorg/drools/compiler/rule/builder/RuleBuildContext;)Ljava/util/List;+8
j  org.drools.compiler.builder.impl.KnowledgeBuilderImpl.compileRulesLevel(Lorg/drools/compiler/lang/descr/PackageDescr;Lorg/drools/compiler/compiler/PackageRegistry;Ljava/util/List;)V+234
j  org.drools.compiler.builder.impl.KnowledgeBuilderImpl.compileRules(Lorg/drools/compiler/lang/descr/PackageDescr;Lorg/drools/compiler/compiler/PackageRegistry;)V+73
j  org.drools.compiler.builder.impl.KnowledgeBuilderImpl.compileKnowledgePackages(Lorg/drools/compiler/lang/descr/PackageDescr;Lorg/drools/compiler/compiler/PackageRegistry;)V+23
j  org.drools.compiler.builder.impl.KnowledgeBuilderImpl.buildRules(Ljava/util/Collection;)V+48
j  org.drools.compiler.builder.impl.KnowledgeBuilderImpl.buildPackages(Ljava/util/Collection;)V+7
j  org.drools.compiler.builder.impl.CompositeKnowledgeBuilderImpl.build(Z)V+32
j  org.drools.compiler.builder.impl.CompositeKnowledgeBuilderImpl.build()V+2
j  org.drools.compiler.kie.builder.impl.AbstractKieProject.buildKnowledgePackages(Lorg/drools/compiler/kproject/models/KieBaseModelImpl;Lorg/drools/compiler/kie/builder/impl/ResultsImpl;)Lorg/kie/internal/builder/KnowledgeBuilder;+370
j  org.drools.compiler.kie.builder.impl.AbstractKieModule.buildKnowledgePackages(Lorg/drools/compiler/kproject/models/KieBaseModelImpl;Lorg/drools/compiler/kie/builder/impl/KieProject;Lorg/drools/compiler/kie/builder/impl/ResultsImpl;)Lorg/drools/compiler/kie/builder/impl/KnowledgePackagesBuildResult;+18
j  org.drools.compiler.kie.builder.impl.AbstractKieModule.createKieBase(Lorg/drools/compiler/kproject/models/KieBaseModelImpl;Lorg/drools/compiler/kie/builder/impl/KieProject;Lorg/drools/compiler/kie/builder/impl/ResultsImpl;Lorg/kie/api/KieBaseConfiguration;)Lorg/drools/core/impl/InternalKnowledgeBase;+4
j  org.drools.compiler.kie.builder.impl.KieContainerImpl.createKieBase(Lorg/drools/compiler/kproject/models/KieBaseModelImpl;Lorg/drools/compiler/kie/builder/impl/KieProject;Lorg/drools/compiler/kie/builder/impl/ResultsImpl;Lorg/kie/api/KieBaseConfiguration;)Lorg/kie/api/KieBase;+19
j  org.drools.compiler.kie.builder.impl.KieContainerImpl.getKieBase(Ljava/lang/String;)Lorg/kie/api/KieBase;+65
j  org.drools.compiler.kie.builder.impl.KieContainerImpl.getKieBaseFromKieSessionModel(Lorg/kie/api/builder/model/KieSessionModel;)Lorg/kie/api/KieBase;+56
j  org.drools.compiler.kie.builder.impl.KieContainerImpl.newKieSession(Ljava/lang/String;Lorg/kie/api/runtime/Environment;Lorg/kie/api/runtime/KieSessionConfiguration;)Lorg/kie/api/runtime/KieSession;+62
j  org.drools.compiler.kie.builder.impl.KieContainerImpl.newKieSession(Lorg/kie/api/runtime/Environment;Lorg/kie/api/runtime/KieSessionConfiguration;)Lorg/kie/api/runtime/KieSession;+4
j  org.drools.compiler.kie.builder.impl.KieContainerImpl.newKieSession()Lorg/kie/api/runtime/KieSession;+6
j  com.redhat.rest.example.demorest.DocumentCheckListGenerator.process(Ljava/io/InputStream;)Ljava/lang/String;+204
v  ~StubRoutines::call_stub
J 2409  sun.reflect.NativeMethodAccessorImpl.invoke0(Ljava/lang/reflect/Method;Ljava/lang/Object;[Ljava/lang/Object;)Ljava/lang/Object; (0 bytes) @ 0x00000001176f14b7 [0x00000001176f1440+0x77]
J 1898 C1 sun.reflect.NativeMethodAccessorImpl.invoke(Ljava/lang/Object;[Ljava/lang/Object;)Ljava/lang/Object; (104 bytes) @ 0x0000000117552214 [0x0000000117551040+0x11d4]
J 7490 C2 sun.reflect.DelegatingMethodAccessorImpl.invoke(Ljava/lang/Object;[Ljava/lang/Object;)Ljava/lang/Object; (10 bytes) @ 0x00000001172cc2e8 [0x00000001172cc2a0+0x48]
J 1001 C1 java.lang.reflect.Method.invoke(Ljava/lang/Object;[Ljava/lang/Object;)Ljava/lang/Object; (62 bytes) @ 0x000000011725e71c [0x000000011725e320+0x3fc]
j  org.apache.camel.component.bean.MethodInfo.invoke(Ljava/lang/reflect/Method;Ljava/lang/Object;[Ljava/lang/Object;Lorg/apache/camel/Exchange;)Ljava/lang/Object;+3
j  org.apache.camel.component.bean.MethodInfo$1.doProceed(Lorg/apache/camel/AsyncCallback;)Z+149
j  org.apache.camel.component.bean.MethodInfo$1.proceed(Lorg/apache/camel/AsyncCallback;)Z+33
j  org.apache.camel.component.bean.AbstractBeanProcessor.process(Lorg/apache/camel/Exchange;Lorg/apache/camel/AsyncCallback;)Z+632
j  org.apache.camel.component.bean.BeanProcessor.process(Lorg/apache/camel/Exchange;Lorg/apache/camel/AsyncCallback;)Z+6
j  org.apache.camel.processor.RedeliveryErrorHandler.process(Lorg/apache/camel/Exchange;Lorg/apache/camel/AsyncCallback;)Z+550
j  org.apache.camel.processor.CamelInternalProcessor.process(Lorg/apache/camel/Exchange;Lorg/apache/camel/AsyncCallback;)Z+306
j  org.apache.camel.processor.Pipeline.process(Lorg/apache/camel/Exchange;Lorg/apache/camel/Exchange;Lorg/apache/camel/AsyncCallback;Ljava/util/Iterator;Lorg/apache/camel/AsyncProcessor;)Z+33
j  org.apache.camel.processor.Pipeline.process(Lorg/apache/camel/Exchange;Lorg/apache/camel/AsyncCallback;)Z+71
j  org.apache.camel.processor.CamelInternalProcessor.process(Lorg/apache/camel/Exchange;Lorg/apache/camel/AsyncCallback;)Z+306
j  org.apache.camel.processor.DelegateAsyncProcessor.process(Lorg/apache/camel/Exchange;)V+34
j  org.apache.camel.http.common.CamelServlet.doService(Ljavax/servlet/http/HttpServletRequest;Ljavax/servlet/http/HttpServletResponse;)V+546
j  org.apache.camel.http.common.CamelServlet.service(Ljavax/servlet/http/HttpServletRequest;Ljavax/servlet/http/HttpServletResponse;)V+33
j  javax.servlet.http.HttpServlet.service(Ljavax/servlet/ServletRequest;Ljavax/servlet/ServletResponse;)V+39
j  io.undertow.servlet.handlers.ServletHandler.handleRequest(Lio/undertow/server/HttpServerExchange;)V+143
j  io.undertow.servlet.handlers.FilterHandler$FilterChainImpl.doFilter(Ljavax/servlet/ServletRequest;Ljavax/servlet/ServletResponse;)V+124
j  org.springframework.boot.web.filter.ApplicationContextHeaderFilter.doFilterInternal(Ljavax/servlet/http/HttpServletRequest;Ljavax/servlet/http/HttpServletResponse;Ljavax/servlet/FilterChain;)V+20
j  org.springframework.web.filter.OncePerRequestFilter.doFilter(Ljavax/servlet/ServletRequest;Ljavax/servlet/ServletResponse;Ljavax/servlet/FilterChain;)V+111
j  io.undertow.servlet.core.ManagedFilter.doFilter(Ljavax/servlet/ServletRequest;Ljavax/servlet/ServletResponse;Ljavax/servlet/FilterChain;)V+60
j  io.undertow.servlet.handlers.FilterHandler$FilterChainImpl.doFilter(Ljavax/servlet/ServletRequest;Ljavax/servlet/ServletResponse;)V+149
j  org.springframework.web.filter.CorsFilter.doFilterInternal(Ljavax/servlet/http/HttpServletRequest;Ljavax/servlet/http/HttpServletResponse;Ljavax/servlet/FilterChain;)V+55
j  org.springframework.web.filter.OncePerRequestFilter.doFilter(Ljavax/servlet/ServletRequest;Ljavax/servlet/ServletResponse;Ljavax/servlet/FilterChain;)V+111
j  io.undertow.servlet.core.ManagedFilter.doFilter(Ljavax/servlet/ServletRequest;Ljavax/servlet/ServletResponse;Ljavax/servlet/FilterChain;)V+60
j  io.undertow.servlet.handlers.FilterHandler$FilterChainImpl.doFilter(Ljavax/servlet/ServletRequest;Ljavax/servlet/ServletResponse;)V+149
j  org.springframework.boot.actuate.trace.WebRequestTraceFilter.doFilterInternal(Ljavax/servlet/http/HttpServletRequest;Ljavax/servlet/http/HttpServletResponse;Ljavax/servlet/FilterChain;)V+30
j  org.springframework.web.filter.OncePerRequestFilter.doFilter(Ljavax/servlet/ServletRequest;Ljavax/servlet/ServletResponse;Ljavax/servlet/FilterChain;)V+111
j  io.undertow.servlet.core.ManagedFilter.doFilter(Ljavax/servlet/ServletRequest;Ljavax/servlet/ServletResponse;Ljavax/servlet/FilterChain;)V+60
j  io.undertow.servlet.handlers.FilterHandler$FilterChainImpl.doFilter(Ljavax/servlet/ServletRequest;Ljavax/servlet/ServletResponse;)V+149
j  org.springframework.web.filter.RequestContextFilter.doFilterInternal(Ljavax/servlet/http/HttpServletRequest;Ljavax/servlet/http/HttpServletResponse;Ljavax/servlet/FilterChain;)V+21
j  org.springframework.web.filter.OncePerRequestFilter.doFilter(Ljavax/servlet/ServletRequest;Ljavax/servlet/ServletResponse;Ljavax/servlet/FilterChain;)V+111
j  io.undertow.servlet.core.ManagedFilter.doFilter(Ljavax/servlet/ServletRequest;Ljavax/servlet/ServletResponse;Ljavax/servlet/FilterChain;)V+60
j  io.undertow.servlet.handlers.FilterHandler$FilterChainImpl.doFilter(Ljavax/servlet/ServletRequest;Ljavax/servlet/ServletResponse;)V+149
j  org.springframework.web.filter.HttpPutFormContentFilter.doFilterInternal(Ljavax/servlet/http/HttpServletRequest;Ljavax/servlet/http/HttpServletResponse;Ljavax/servlet/FilterChain;)V+95
j  org.springframework.web.filter.OncePerRequestFilter.doFilter(Ljavax/servlet/ServletRequest;Ljavax/servlet/ServletResponse;Ljavax/servlet/FilterChain;)V+111
j  io.undertow.servlet.core.ManagedFilter.doFilter(Ljavax/servlet/ServletRequest;Ljavax/servlet/ServletResponse;Ljavax/servlet/FilterChain;)V+60
j  io.undertow.servlet.handlers.FilterHandler$FilterChainImpl.doFilter(Ljavax/servlet/ServletRequest;Ljavax/servlet/ServletResponse;)V+149
j  org.springframework.web.filter.HiddenHttpMethodFilter.doFilterInternal(Ljavax/servlet/http/HttpServletRequest;Ljavax/servlet/http/HttpServletResponse;Ljavax/servlet/FilterChain;)V+64
j  org.springframework.web.filter.OncePerRequestFilter.doFilter(Ljavax/servlet/ServletRequest;Ljavax/servlet/ServletResponse;Ljavax/servlet/FilterChain;)V+111
j  io.undertow.servlet.core.ManagedFilter.doFilter(Ljavax/servlet/ServletRequest;Ljavax/servlet/ServletResponse;Ljavax/servlet/FilterChain;)V+60
j  io.undertow.servlet.handlers.FilterHandler$FilterChainImpl.doFilter(Ljavax/servlet/ServletRequest;Ljavax/servlet/ServletResponse;)V+149
j  org.springframework.web.filter.CharacterEncodingFilter.doFilterInternal(Ljavax/servlet/http/HttpServletRequest;Ljavax/servlet/http/HttpServletResponse;Ljavax/servlet/FilterChain;)V+53
j  org.springframework.web.filter.OncePerRequestFilter.doFilter(Ljavax/servlet/ServletRequest;Ljavax/servlet/ServletResponse;Ljavax/servlet/FilterChain;)V+111
j  io.undertow.servlet.core.ManagedFilter.doFilter(Ljavax/servlet/ServletRequest;Ljavax/servlet/ServletResponse;Ljavax/servlet/FilterChain;)V+60
j  io.undertow.servlet.handlers.FilterHandler$FilterChainImpl.doFilter(Ljavax/servlet/ServletRequest;Ljavax/servlet/ServletResponse;)V+149
j  org.springframework.boot.actuate.autoconfigure.MetricsFilter.doFilterInternal(Ljavax/servlet/http/HttpServletRequest;Ljavax/servlet/http/HttpServletResponse;Ljavax/servlet/FilterChain;)V+31
j  org.springframework.web.filter.OncePerRequestFilter.doFilter(Ljavax/servlet/ServletRequest;Ljavax/servlet/ServletResponse;Ljavax/servlet/FilterChain;)V+111
j  io.undertow.servlet.core.ManagedFilter.doFilter(Ljavax/servlet/ServletRequest;Ljavax/servlet/ServletResponse;Ljavax/servlet/FilterChain;)V+60
j  io.undertow.servlet.handlers.FilterHandler$FilterChainImpl.doFilter(Ljavax/servlet/ServletRequest;Ljavax/servlet/ServletResponse;)V+149
j  io.undertow.servlet.handlers.FilterHandler.handleRequest(Lio/undertow/server/HttpServerExchange;)V+122
j  io.undertow.servlet.handlers.security.ServletSecurityRoleHandler.handleRequest(Lio/undertow/server/HttpServerExchange;)V+104
j  io.undertow.servlet.handlers.ServletChain$1.handleRequest(Lio/undertow/server/HttpServerExchange;)V+57
j  io.undertow.servlet.handlers.ServletDispatchingHandler.handleRequest(Lio/undertow/server/HttpServerExchange;)V+19
j  io.undertow.servlet.handlers.security.SSLInformationAssociationHandler.handleRequest(Lio/undertow/server/HttpServerExchange;)V+101
j  io.undertow.servlet.handlers.security.ServletAuthenticationCallHandler.handleRequest(Lio/undertow/server/HttpServerExchange;)V+40
j  io.undertow.server.handlers.PredicateHandler.handleRequest(Lio/undertow/server/HttpServerExchange;)V+27
j  io.undertow.security.handlers.AbstractConfidentialityHandler.handleRequest(Lio/undertow/server/HttpServerExchange;)V+21
j  io.undertow.servlet.handlers.security.ServletConfidentialityConstraintHandler.handleRequest(Lio/undertow/server/HttpServerExchange;)V+99
j  io.undertow.security.handlers.AuthenticationMechanismsHandler.handleRequest(Lio/undertow/server/HttpServerExchange;)V+58
j  io.undertow.servlet.handlers.security.CachedAuthenticatedSessionHandler.handleRequest(Lio/undertow/server/HttpServerExchange;)V+51
j  io.undertow.security.handlers.AbstractSecurityContextAssociationHandler.handleRequest(Lio/undertow/server/HttpServerExchange;)V+14
j  io.undertow.server.handlers.PredicateHandler.handleRequest(Lio/undertow/server/HttpServerExchange;)V+27
j  io.undertow.server.handlers.PredicateHandler.handleRequest(Lio/undertow/server/HttpServerExchange;)V+27
j  io.undertow.servlet.handlers.ServletInitialHandler.handleFirstRequest(Lio/undertow/server/HttpServerExchange;Lio/undertow/servlet/handlers/ServletRequestContext;)V+108
j  io.undertow.servlet.handlers.ServletInitialHandler.access$100(Lio/undertow/servlet/handlers/ServletInitialHandler;Lio/undertow/server/HttpServerExchange;Lio/undertow/servlet/handlers/ServletRequestContext;)V+3
j  io.undertow.servlet.handlers.ServletInitialHandler$2.call(Lio/undertow/server/HttpServerExchange;Lio/undertow/servlet/handlers/ServletRequestContext;)Ljava/lang/Object;+6
j  io.undertow.servlet.handlers.ServletInitialHandler$2.call(Lio/undertow/server/HttpServerExchange;Ljava/lang/Object;)Ljava/lang/Object;+6
j  io.undertow.servlet.core.ServletRequestContextThreadSetupAction$1.call(Lio/undertow/server/HttpServerExchange;Ljava/lang/Object;)Ljava/lang/Object;+42
j  io.undertow.servlet.core.ContextClassLoaderSetupAction$1.call(Lio/undertow/server/HttpServerExchange;Ljava/lang/Object;)Ljava/lang/Object;+20
j  io.undertow.servlet.handlers.ServletInitialHandler.dispatchRequest(Lio/undertow/server/HttpServerExchange;Lio/undertow/servlet/handlers/ServletRequestContext;Lio/undertow/servlet/handlers/ServletChain;Ljavax/servlet/DispatcherType;)V+33
j  io.undertow.servlet.handlers.ServletInitialHandler.access$000(Lio/undertow/servlet/handlers/ServletInitialHandler;Lio/undertow/server/HttpServerExchange;Lio/undertow/servlet/handlers/ServletRequestContext;Lio/undertow/servlet/handlers/ServletChain;Ljavax/servlet/DispatcherType;)V+6
j  io.undertow.servlet.handlers.ServletInitialHandler$1.handleRequest(Lio/undertow/server/HttpServerExchange;)V+33
j  io.undertow.server.Connectors.executeRootHandler(Lio/undertow/server/HttpHandler;Lio/undertow/server/HttpServerExchange;)V+8
j  io.undertow.server.HttpServerExchange$1.run()V+8
j  java.util.concurrent.ThreadPoolExecutor.runWorker(Ljava/util/concurrent/ThreadPoolExecutor$Worker;)V+95
j  java.util.concurrent.ThreadPoolExecutor$Worker.run()V+5
j  java.lang.Thread.run()V+11
v  ~StubRoutines::call_stub

---------------  P R O C E S S  ---------------

Java Threads: ( => current thread )
=>0x00007fb72a9f3800 JavaThread "XNIO-3 task-9" [_thread_in_native, id=39171, stack(0x0000700004488000,0x0000700004588000)]
  0x00007fb72ded5800 JavaThread "XNIO-3 task-8" [_thread_blocked, id=25091, stack(0x0000700004385000,0x0000700004485000)]
  0x00007fb72cd58800 JavaThread "XNIO-3 task-7" [_thread_blocked, id=39427, stack(0x0000700004282000,0x0000700004382000)]
  0x00007fb72e123000 JavaThread "XNIO-3 task-6" [_thread_blocked, id=24579, stack(0x000070000417f000,0x000070000427f000)]
  0x00007fb72cab0800 JavaThread "XNIO-3 task-5" [_thread_blocked, id=39939, stack(0x000070000407c000,0x000070000417c000)]
  0x00007fb72e024800 JavaThread "XNIO-3 task-4" [_thread_blocked, id=23811, stack(0x0000700003f79000,0x0000700004079000)]
  0x00007fb72e582800 JavaThread "XNIO-3 task-3" [_thread_blocked, id=40451, stack(0x0000700003e76000,0x0000700003f76000)]
  0x00007fb72e626800 JavaThread "XNIO-3 task-2" [_thread_blocked, id=15631, stack(0x0000700003355000,0x0000700003455000)]
  0x00007fb72d880000 JavaThread "XNIO-3 task-1" [_thread_blocked, id=15375, stack(0x0000700003252000,0x0000700003352000)]
  0x00007fb729002800 JavaThread "DestroyJavaVM" [_thread_blocked, id=5891, stack(0x000070000211f000,0x000070000221f000)]
  0x00007fb72abcc000 JavaThread "XNIO-3 Accept" [_thread_in_native, id=23555, stack(0x0000700003d73000,0x0000700003e73000)]
  0x00007fb72cc3a800 JavaThread "XNIO-3 I/O-4" [_thread_in_native, id=23299, stack(0x0000700003c70000,0x0000700003d70000)]
  0x00007fb72d6bd000 JavaThread "XNIO-3 I/O-3" [_thread_in_native, id=41475, stack(0x0000700003b6d000,0x0000700003c6d000)]
  0x00007fb72a41b000 JavaThread "XNIO-3 I/O-2" [_thread_in_native, id=23043, stack(0x0000700003a6a000,0x0000700003b6a000)]
  0x00007fb72e80c800 JavaThread "XNIO-3 I/O-1" [_thread_in_native, id=42243, stack(0x0000700003967000,0x0000700003a67000)]
  0x00007fb72a43e000 JavaThread "XNIO-2 Accept" [_thread_in_native, id=42499, stack(0x0000700003864000,0x0000700003964000)]
  0x00007fb72a36a000 JavaThread "XNIO-2 I/O-4" [_thread_in_native, id=22531, stack(0x0000700003761000,0x0000700003861000)]
  0x00007fb72a30d000 JavaThread "XNIO-2 I/O-3" [_thread_in_native, id=22275, stack(0x000070000365e000,0x000070000375e000)]
  0x00007fb72a5c7800 JavaThread "XNIO-2 I/O-2" [_thread_in_native, id=43267, stack(0x000070000355b000,0x000070000365b000)]
  0x00007fb72a5c6800 JavaThread "XNIO-2 I/O-1" [_thread_in_native, id=15879, stack(0x0000700003458000,0x0000700003558000)]
  0x00007fb72bbba800 JavaThread "XNIO-1 Accept" daemon [_thread_in_native, id=16651, stack(0x000070000314f000,0x000070000324f000)]
  0x00007fb72c177800 JavaThread "XNIO-1 I/O-1" daemon [_thread_in_native, id=4615, stack(0x000070000304c000,0x000070000314c000)]
  0x00007fb72a204000 JavaThread "Service Thread" daemon [_thread_blocked, id=14339, stack(0x0000700002e46000,0x0000700002f46000)]
  0x00007fb72aa33800 JavaThread "C1 CompilerThread2" daemon [_thread_blocked, id=17155, stack(0x0000700002d43000,0x0000700002e43000)]
  0x00007fb72933a000 JavaThread "C2 CompilerThread1" daemon [_thread_in_native, id=17411, stack(0x0000700002c40000,0x0000700002d40000)]
  0x00007fb72a9eb000 JavaThread "C2 CompilerThread0" daemon [_thread_in_native, id=17667, stack(0x0000700002b3d000,0x0000700002c3d000)]
  0x00007fb72a9da000 JavaThread "Monitor Ctrl-Break" daemon [_thread_in_native, id=18179, stack(0x0000700002a3a000,0x0000700002b3a000)]
  0x00007fb72a82a800 JavaThread "Signal Dispatcher" daemon [_thread_blocked, id=18691, stack(0x0000700002937000,0x0000700002a37000)]
  0x00007fb72980f800 JavaThread "Finalizer" daemon [_thread_blocked, id=20739, stack(0x0000700002834000,0x0000700002934000)]
  0x00007fb72a826000 JavaThread "Reference Handler" daemon [_thread_blocked, id=21251, stack(0x0000700002731000,0x0000700002831000)]

Other Threads:
  0x00007fb729038000 VMThread [stack: 0x000070000262e000,0x000070000272e000] [id=11779]
  0x00007fb72a225000 WatcherThread [stack: 0x0000700002f49000,0x0000700003049000] [id=14851]

VM state:not at safepoint (normal execution)

VM Mutex/Monitor currently owned by a thread: None

Heap:
 PSYoungGen      total 399360K, used 267388K [0x000000076ab00000, 0x0000000790800000, 0x00000007c0000000)
  eden space 376832K, 64% used [0x000000076ab00000,0x0000000779a260d8,0x0000000781b00000)
  from space 22528K, 99% used [0x0000000781b00000,0x00000007830f9260,0x0000000783100000)
  to   space 26624K, 0% used [0x000000078ee00000,0x000000078ee00000,0x0000000790800000)
 ParOldGen       total 202752K, used 32944K [0x00000006c0000000, 0x00000006cc600000, 0x000000076ab00000)
  object space 202752K, 16% used [0x00000006c0000000,0x00000006c202c058,0x00000006cc600000)
 Metaspace       used 67075K, capacity 68300K, committed 68608K, reserved 1107968K
  class space    used 8631K, capacity 9119K, committed 9216K, reserved 1048576K

Card table byte_map: [0x000000010afc0000,0x000000010b7c1000] byte_map_base: 0x00000001079c0000

Marking Bits: (ParMarkBitMap*) 0x0000000109b866e0
 Begin Bits: [0x000000010bd17000, 0x000000010fd17000)
 End Bits:   [0x000000010fd17000, 0x0000000113d17000)

Polling page: 0x000000010a281000

CodeCache: size=245760Kb used=22649Kb max_used=22662Kb free=223110Kb
 bounds [0x0000000116eaf000, 0x00000001184ff000, 0x0000000125eaf000]
 total_blobs=7347 nmethods=6800 adapters=460
 compilation: enabled

Compilation events (10 events):
Event: 768.617 Thread 0x00007fb72aa33800 8119       1       org.drools.workbench.models.datamodel.rule.ActionFieldValue::getNature (5 bytes)
Event: 768.618 Thread 0x00007fb72aa33800 nmethod 8119 0x0000000118268310 code [0x0000000118268460, 0x0000000118268570]
Event: 768.618 Thread 0x00007fb72aa33800 8121       2       org.antlr.runtime.BufferedTokenStream::get (77 bytes)
Event: 768.618 Thread 0x00007fb72aa33800 nmethod 8121 0x000000011734d790 code [0x000000011734d980, 0x000000011734dea8]
Event: 768.625 Thread 0x00007fb72aa33800 8122       2       org.mvel2.asm.Type::getType (122 bytes)
Event: 768.626 Thread 0x00007fb72aa33800 nmethod 8122 0x0000000117e75a10 code [0x0000000117e75c00, 0x0000000117e76188]
Event: 768.627 Thread 0x00007fb72aa33800 8123       2       org.mvel2.asm.MethodWriter::visitLabel (328 bytes)
Event: 768.628 Thread 0x00007fb72aa33800 nmethod 8123 0x00000001184a1a90 code [0x00000001184a1c20, 0x00000001184a2308]
Event: 768.628 Thread 0x00007fb72aa33800 8124       2       org.drools.compiler.rule.builder.PackageBuildContext::getDialect (9 bytes)
Event: 768.628 Thread 0x00007fb72aa33800 nmethod 8124 0x00000001184a1610 code [0x00000001184a1780, 0x00000001184a1968]

GC Heap History (10 events):
Event: 13.786 GC heap before
{Heap before GC invocations=14 (full 2):
 PSYoungGen      total 271360K, used 257024K [0x000000076ab00000, 0x0000000780f00000, 0x00000007c0000000)
  eden space 257024K, 100% used [0x000000076ab00000,0x000000077a600000,0x000000077a600000)
  from space 14336K, 0% used [0x000000077a600000,0x000000077a600000,0x000000077b400000)
  to   space 14848K, 0% used [0x0000000780080000,0x0000000780080000,0x0000000780f00000)
 ParOldGen       total 180224K, used 26493K [0x00000006c0000000, 0x00000006cb000000, 0x000000076ab00000)
  object space 180224K, 14% used [0x00000006c0000000,0x00000006c19df560,0x00000006cb000000)
 Metaspace       used 40355K, capacity 40942K, committed 41088K, reserved 1085440K
  class space    used 5335K, capacity 5452K, committed 5504K, reserved 1048576K
Event: 13.799 GC heap after
Heap after GC invocations=14 (full 2):
 PSYoungGen      total 325632K, used 9298K [0x000000076ab00000, 0x0000000780a00000, 0x00000007c0000000)
  eden space 315904K, 0% used [0x000000076ab00000,0x000000076ab00000,0x000000077df80000)
  from space 9728K, 95% used [0x0000000780080000,0x0000000780994a10,0x0000000780a00000)
  to   space 14336K, 0% used [0x000000077ee00000,0x000000077ee00000,0x000000077fc00000)
 ParOldGen       total 180224K, used 26501K [0x00000006c0000000, 0x00000006cb000000, 0x000000076ab00000)
  object space 180224K, 14% used [0x00000006c0000000,0x00000006c19e1560,0x00000006cb000000)
 Metaspace       used 40355K, capacity 40942K, committed 41088K, reserved 1085440K
  class space    used 5335K, capacity 5452K, committed 5504K, reserved 1048576K
}
Event: 29.146 GC heap before
{Heap before GC invocations=15 (full 2):
 PSYoungGen      total 325632K, used 325202K [0x000000076ab00000, 0x0000000780a00000, 0x00000007c0000000)
  eden space 315904K, 100% used [0x000000076ab00000,0x000000077df80000,0x000000077df80000)
  from space 9728K, 95% used [0x0000000780080000,0x0000000780994a10,0x0000000780a00000)
  to   space 14336K, 0% used [0x000000077ee00000,0x000000077ee00000,0x000000077fc00000)
 ParOldGen       total 180224K, used 26501K [0x00000006c0000000, 0x00000006cb000000, 0x000000076ab00000)
  object space 180224K, 14% used [0x00000006c0000000,0x00000006c19e1560,0x00000006cb000000)
 Metaspace       used 58062K, capacity 58788K, committed 59008K, reserved 1099776K
  class space    used 7614K, capacity 7801K, committed 7808K, reserved 1048576K
Event: 29.177 GC heap after
Heap after GC invocations=15 (full 2):
 PSYoungGen      total 345088K, used 14311K [0x000000076ab00000, 0x0000000784600000, 0x00000007c0000000)
  eden space 330752K, 0% used [0x000000076ab00000,0x000000076ab00000,0x000000077ee00000)
  from space 14336K, 99% used [0x000000077ee00000,0x000000077fbf9ee8,0x000000077fc00000)
  to   space 21504K, 0% used [0x0000000783100000,0x0000000783100000,0x0000000784600000)
 ParOldGen       total 180224K, used 41635K [0x00000006c0000000, 0x00000006cb000000, 0x000000076ab00000)
  object space 180224K, 23% used [0x00000006c0000000,0x00000006c28a8d08,0x00000006cb000000)
 Metaspace       used 58062K, capacity 58788K, committed 59008K, reserved 1099776K
  class space    used 7614K, capacity 7801K, committed 7808K, reserved 1048576K
}
Event: 29.199 GC heap before
{Heap before GC invocations=16 (full 2):
 PSYoungGen      total 345088K, used 18056K [0x000000076ab00000, 0x0000000784600000, 0x00000007c0000000)
  eden space 330752K, 1% used [0x000000076ab00000,0x000000076aea83d8,0x000000077ee00000)
  from space 14336K, 99% used [0x000000077ee00000,0x000000077fbf9ee8,0x000000077fc00000)
  to   space 21504K, 0% used [0x0000000783100000,0x0000000783100000,0x0000000784600000)
 ParOldGen       total 180224K, used 41635K [0x00000006c0000000, 0x00000006cb000000, 0x000000076ab00000)
  object space 180224K, 23% used [0x00000006c0000000,0x00000006c28a8d08,0x00000006cb000000)
 Metaspace       used 58173K, capacity 58852K, committed 59096K, reserved 1101824K
  class space    used 7629K, capacity 7801K, committed 7808K, reserved 1048576K
Event: 29.218 GC heap after
Heap after GC invocations=16 (full 2):
 PSYoungGen      total 398336K, used 232K [0x000000076ab00000, 0x000000078c000000, 0x00000007c0000000)
  eden space 376832K, 0% used [0x000000076ab00000,0x000000076ab00000,0x0000000781b00000)
  from space 21504K, 1% used [0x0000000783100000,0x000000078313a0f0,0x0000000784600000)
  to   space 22528K, 0% used [0x0000000781b00000,0x0000000781b00000,0x0000000783100000)
 ParOldGen       total 180224K, used 55491K [0x00000006c0000000, 0x00000006cb000000, 0x000000076ab00000)
  object space 180224K, 30% used [0x00000006c0000000,0x00000006c3630c80,0x00000006cb000000)
 Metaspace       used 58173K, capacity 58852K, committed 59096K, reserved 1101824K
  class space    used 7629K, capacity 7801K, committed 7808K, reserved 1048576K
}
Event: 29.218 GC heap before
{Heap before GC invocations=17 (full 3):
 PSYoungGen      total 398336K, used 232K [0x000000076ab00000, 0x000000078c000000, 0x00000007c0000000)
  eden space 376832K, 0% used [0x000000076ab00000,0x000000076ab00000,0x0000000781b00000)
  from space 21504K, 1% used [0x0000000783100000,0x000000078313a0f0,0x0000000784600000)
  to   space 22528K, 0% used [0x0000000781b00000,0x0000000781b00000,0x0000000783100000)
 ParOldGen       total 180224K, used 55491K [0x00000006c0000000, 0x00000006cb000000, 0x000000076ab00000)
  object space 180224K, 30% used [0x00000006c0000000,0x00000006c3630c80,0x00000006cb000000)
 Metaspace       used 58173K, capacity 58852K, committed 59096K, reserved 1101824K
  class space    used 7629K, capacity 7801K, committed 7808K, reserved 1048576K
Event: 29.414 GC heap after
Heap after GC invocations=17 (full 3):
 PSYoungGen      total 398336K, used 0K [0x000000076ab00000, 0x000000078c000000, 0x00000007c0000000)
  eden space 376832K, 0% used [0x000000076ab00000,0x000000076ab00000,0x0000000781b00000)
  from space 21504K, 0% used [0x0000000783100000,0x0000000783100000,0x0000000784600000)
  to   space 22528K, 0% used [0x0000000781b00000,0x0000000781b00000,0x0000000783100000)
 ParOldGen       total 202752K, used 30464K [0x00000006c0000000, 0x00000006cc600000, 0x000000076ab00000)
  object space 202752K, 15% used [0x00000006c0000000,0x00000006c1dc0388,0x00000006cc600000)
 Metaspace       used 58173K, capacity 58852K, committed 59096K, reserved 1101824K
  class space    used 7629K, capacity 7801K, committed 7808K, reserved 1048576K
}
Event: 132.099 GC heap before
{Heap before GC invocations=18 (full 3):
 PSYoungGen      total 398336K, used 376832K [0x000000076ab00000, 0x000000078c000000, 0x00000007c0000000)
  eden space 376832K, 100% used [0x000000076ab00000,0x0000000781b00000,0x0000000781b00000)
  from space 21504K, 0% used [0x0000000783100000,0x0000000783100000,0x0000000784600000)
  to   space 22528K, 0% used [0x0000000781b00000,0x0000000781b00000,0x0000000783100000)
 ParOldGen       total 202752K, used 30464K [0x00000006c0000000, 0x00000006cc600000, 0x000000076ab00000)
  object space 202752K, 15% used [0x00000006c0000000,0x00000006c1dc0388,0x00000006cc600000)
 Metaspace       used 66296K, capacity 67394K, committed 67712K, reserved 1107968K
  class space    used 8565K, capacity 8963K, committed 9088K, reserved 1048576K
Event: 132.126 GC heap after
Heap after GC invocations=18 (full 3):
 PSYoungGen      total 399360K, used 22500K [0x000000076ab00000, 0x0000000790800000, 0x00000007c0000000)
  eden space 376832K, 0% used [0x000000076ab00000,0x000000076ab00000,0x0000000781b00000)
  from space 22528K, 99% used [0x0000000781b00000,0x00000007830f9260,0x0000000783100000)
  to   space 26624K, 0% used [0x000000078ee00000,0x000000078ee00000,0x0000000790800000)
 ParOldGen       total 202752K, used 32944K [0x00000006c0000000, 0x00000006cc600000, 0x000000076ab00000)
  object space 202752K, 16% used [0x00000006c0000000,0x00000006c202c058,0x00000006cc600000)
 Metaspace       used 66296K, capacity 67394K, committed 67712K, reserved 1107968K
  class space    used 8565K, capacity 8963K, committed 9088K, reserved 1048576K
}

Deoptimization events (10 events):
Event: 768.015 Thread 0x00007fb72a9f3800 Uncommon trap: reason=bimorphic action=maybe_recompile pc=0x0000000117e7bcac method=java.util.Collections$UnmodifiableMap$UnmodifiableEntrySet$1.hasNext()Z @ 4
Event: 768.088 Thread 0x00007fb72a9f3800 Uncommon trap: reason=bimorphic action=maybe_recompile pc=0x0000000117e7bcac method=java.util.Collections$UnmodifiableMap$UnmodifiableEntrySet$1.hasNext()Z @ 4
Event: 768.088 Thread 0x00007fb72a9f3800 Uncommon trap: reason=bimorphic action=maybe_recompile pc=0x0000000118408e24 method=java.util.Collections$UnmodifiableMap$UnmodifiableEntrySet$1.next()Ljava/util/Map$Entry; @ 8
Event: 768.088 Thread 0x00007fb72a9f3800 Uncommon trap: reason=bimorphic action=maybe_recompile pc=0x0000000117e7bcac method=java.util.Collections$UnmodifiableMap$UnmodifiableEntrySet$1.hasNext()Z @ 4
Event: 768.088 Thread 0x00007fb72a9f3800 Uncommon trap: reason=bimorphic action=maybe_recompile pc=0x0000000118408e24 method=java.util.Collections$UnmodifiableMap$UnmodifiableEntrySet$1.next()Ljava/util/Map$Entry; @ 8
Event: 768.088 Thread 0x00007fb72a9f3800 Uncommon trap: reason=bimorphic action=maybe_recompile pc=0x0000000118408e24 method=java.util.Collections$UnmodifiableMap$UnmodifiableEntrySet$1.next()Ljava/util/Map$Entry; @ 8
Event: 768.089 Thread 0x00007fb72a9f3800 Uncommon trap: reason=bimorphic action=maybe_recompile pc=0x0000000118408e24 method=java.util.Collections$UnmodifiableMap$UnmodifiableEntrySet$1.next()Ljava/util/Map$Entry; @ 8
Event: 768.141 Thread 0x00007fb72a9f3800 Uncommon trap: reason=unstable_if action=reinterpret pc=0x0000000117e5f5fc method=org.apache.maven.model.Dependency.clone()Lorg/apache/maven/model/Dependency; @ 76
Event: 768.368 Thread 0x00007fb72a9f3800 Uncommon trap: reason=null_check action=make_not_entrant pc=0x000000011849eb84 method=org.apache.maven.model.validation.DefaultModelValidator.validateEffectiveDependency(Lorg/apache/maven/model/building/ModelProblemCollector;Lorg/apache/maven/model/Depend
Event: 768.527 Thread 0x00007fb72a9f3800 Uncommon trap: reason=class_check action=maybe_recompile pc=0x0000000117a8d0a8 method=org.codehaus.plexus.interpolation.MapBasedValueSource.getValue(Ljava/lang/String;)Ljava/lang/Object; @ 16

Classes redefined (0 events):
No events

Internal exceptions (10 events):
Event: 746.074 Thread 0x00007fb72a41b000 Exception <a 'sun/nio/fs/UnixException'> (0x0000000771ffc2d8) thrown at [/Users/java_re/workspace/8-2-build-macosx-x86_64/jdk8u171/10807/hotspot/src/share/vm/prims/jni.cpp, line 709]
Event: 746.074 Thread 0x00007fb72e80c800 Exception <a 'sun/nio/fs/UnixException'> (0x0000000771e03478) thrown at [/Users/java_re/workspace/8-2-build-macosx-x86_64/jdk8u171/10807/hotspot/src/share/vm/prims/jni.cpp, line 709]
Event: 746.076 Thread 0x00007fb72cd58800 Exception <a 'sun/nio/fs/UnixException'> (0x0000000772d3c6a8) thrown at [/Users/java_re/workspace/8-2-build-macosx-x86_64/jdk8u171/10807/hotspot/src/share/vm/prims/jni.cpp, line 709]
Event: 746.076 Thread 0x00007fb72e123000 Exception <a 'sun/nio/fs/UnixException'> (0x0000000772bc33f8) thrown at [/Users/java_re/workspace/8-2-build-macosx-x86_64/jdk8u171/10807/hotspot/src/share/vm/prims/jni.cpp, line 709]
Event: 746.190 Thread 0x00007fb72e80c800 Exception <a 'sun/nio/fs/UnixException'> (0x0000000771e05188) thrown at [/Users/java_re/workspace/8-2-build-macosx-x86_64/jdk8u171/10807/hotspot/src/share/vm/prims/jni.cpp, line 709]
Event: 746.191 Thread 0x00007fb72ded5800 Exception <a 'sun/nio/fs/UnixException'> (0x0000000772eb3118) thrown at [/Users/java_re/workspace/8-2-build-macosx-x86_64/jdk8u171/10807/hotspot/src/share/vm/prims/jni.cpp, line 709]
Event: 746.195 Thread 0x00007fb72ded5800 Exception <a 'java/io/FileNotFoundException'> (0x0000000772f2f198) thrown at [/Users/java_re/workspace/8-2-build-macosx-x86_64/jdk8u171/10807/hotspot/src/share/vm/prims/jni.cpp, line 709]
Event: 746.195 Thread 0x00007fb72ded5800 Exception <a 'java/io/FileNotFoundException'> (0x0000000772f30120) thrown at [/Users/java_re/workspace/8-2-build-macosx-x86_64/jdk8u171/10807/hotspot/src/share/vm/prims/jni.cpp, line 709]
Event: 768.015 Thread 0x00007fb72a9f3800 Exception <a 'sun/nio/fs/UnixException'> (0x00000007731a3690) thrown at [/Users/java_re/workspace/8-2-build-macosx-x86_64/jdk8u171/10807/hotspot/src/share/vm/prims/jni.cpp, line 709]
Event: 768.368 Thread 0x00007fb72a9f3800 Implicit null exception at 0x000000011849c5f0 to 0x000000011849eb69

Events (10 events):
Event: 768.628 loading class java/lang$documentResult
Event: 768.628 loading class java/lang$documentResult done
Event: 768.629 loading class java$lang$documentResult
Event: 768.629 loading class java$lang$documentResult done
Event: 768.631 loading class java$lang$documentResult
Event: 768.631 loading class java$lang$documentResult done
Event: 768.631 loading class java$lang$documentResult
Event: 768.631 loading class java$lang$documentResult done
Event: 768.631 loading class com/myspace/documentgenerator/documentResult
Event: 768.631 loading class com/myspace/documentgenerator/documentResult done


Dynamic libraries:
0x0000000008d91000 	/System/Library/Frameworks/Cocoa.framework/Versions/A/Cocoa
0x0000000008d91000 	/System/Library/Frameworks/Security.framework/Versions/A/Security
0x0000000008d91000 	/System/Library/Frameworks/ApplicationServices.framework/Versions/A/ApplicationServices
0x0000000008d91000 	/usr/lib/libz.1.dylib
0x0000000008d91000 	/usr/lib/libSystem.B.dylib
0x0000000008d91000 	/usr/lib/libobjc.A.dylib
0x0000000008d91000 	/System/Library/Frameworks/CoreFoundation.framework/Versions/A/CoreFoundation
0x0000000008d91000 	/System/Library/Frameworks/Foundation.framework/Versions/C/Foundation
0x0000000008d91000 	/System/Library/Frameworks/AppKit.framework/Versions/C/AppKit
0x0000000008d91000 	/System/Library/Frameworks/CoreData.framework/Versions/A/CoreData
0x0000000008d91000 	/System/Library/PrivateFrameworks/RemoteViewServices.framework/Versions/A/RemoteViewServices
0x0000000008d91000 	/System/Library/PrivateFrameworks/UIFoundation.framework/Versions/A/UIFoundation
0x0000000008d91000 	/System/Library/PrivateFrameworks/DFRFoundation.framework/Versions/A/DFRFoundation
0x0000000008d91000 	/System/Library/Frameworks/Metal.framework/Versions/A/Metal
0x0000000008d91000 	/System/Library/PrivateFrameworks/DesktopServicesPriv.framework/Versions/A/DesktopServicesPriv
0x0000000008d91000 	/usr/lib/libenergytrace.dylib
0x0000000008d91000 	/System/Library/PrivateFrameworks/SkyLight.framework/Versions/A/SkyLight
0x0000000008d91000 	/System/Library/Frameworks/CoreGraphics.framework/Versions/A/CoreGraphics
0x0000000008d91000 	/usr/lib/libScreenReader.dylib
0x0000000008d91000 	/System/Library/Frameworks/Accelerate.framework/Versions/A/Accelerate
0x0000000008d91000 	/System/Library/Frameworks/IOSurface.framework/Versions/A/IOSurface
0x0000000008d91000 	/System/Library/Frameworks/AudioToolbox.framework/Versions/A/AudioToolbox
0x0000000008d91000 	/System/Library/Frameworks/AudioUnit.framework/Versions/A/AudioUnit
0x0000000008d91000 	/System/Library/PrivateFrameworks/DataDetectorsCore.framework/Versions/A/DataDetectorsCore
0x0000000008d91000 	/System/Library/Frameworks/Carbon.framework/Versions/A/Frameworks/HIToolbox.framework/Versions/A/HIToolbox
0x0000000008d91000 	/usr/lib/libicucore.A.dylib
0x0000000008d91000 	/System/Library/Frameworks/QuartzCore.framework/Versions/A/QuartzCore
0x0000000008d91000 	/System/Library/PrivateFrameworks/SignpostNotification.framework/Versions/A/SignpostNotification
0x0000000008d91000 	/System/Library/Frameworks/Carbon.framework/Versions/A/Frameworks/SpeechRecognition.framework/Versions/A/SpeechRecognition
0x0000000008d91000 	/usr/lib/libauto.dylib
0x0000000008d91000 	/usr/lib/libxml2.2.dylib
0x0000000008d91000 	/System/Library/PrivateFrameworks/CoreUI.framework/Versions/A/CoreUI
0x0000000008d91000 	/System/Library/Frameworks/CoreAudio.framework/Versions/A/CoreAudio
0x0000000008d91000 	/System/Library/Frameworks/DiskArbitration.framework/Versions/A/DiskArbitration
0x0000000008d91000 	/usr/lib/liblangid.dylib
0x0000000008d91000 	/System/Library/PrivateFrameworks/MultitouchSupport.framework/Versions/A/MultitouchSupport
0x0000000008d91000 	/System/Library/Frameworks/IOKit.framework/Versions/A/IOKit
0x0000000008d91000 	/usr/lib/libDiagnosticMessagesClient.dylib
0x0000000008d91000 	/System/Library/Frameworks/CoreServices.framework/Versions/A/CoreServices
0x0000000008d91000 	/System/Library/PrivateFrameworks/PerformanceAnalysis.framework/Versions/A/PerformanceAnalysis
0x0000000008d91000 	/System/Library/Frameworks/OpenGL.framework/Versions/A/OpenGL
0x0000000008d91000 	/System/Library/Frameworks/ColorSync.framework/Versions/A/ColorSync
0x0000000008d91000 	/System/Library/Frameworks/CoreImage.framework/Versions/A/CoreImage
0x0000000008d91000 	/System/Library/Frameworks/CoreText.framework/Versions/A/CoreText
0x0000000008d91000 	/System/Library/Frameworks/ImageIO.framework/Versions/A/ImageIO
0x0000000008d91000 	/System/Library/PrivateFrameworks/Backup.framework/Versions/A/Backup
0x0000000008d91000 	/usr/lib/libarchive.2.dylib
0x0000000008d91000 	/System/Library/Frameworks/CFNetwork.framework/Versions/A/CFNetwork
0x0000000008d91000 	/System/Library/Frameworks/SystemConfiguration.framework/Versions/A/SystemConfiguration
0x0000000008d91000 	/usr/lib/libCRFSuite.dylib
0x0000000008d91000 	/usr/lib/libc++.1.dylib
0x0000000008d91000 	/usr/lib/libc++abi.dylib
0x0000000008d91000 	/usr/lib/system/libcache.dylib
0x0000000008d91000 	/usr/lib/system/libcommonCrypto.dylib
0x0000000008d91000 	/usr/lib/system/libcompiler_rt.dylib
0x0000000008d91000 	/usr/lib/system/libcopyfile.dylib
0x0000000008d91000 	/usr/lib/system/libcorecrypto.dylib
0x0000000008d91000 	/usr/lib/system/libdispatch.dylib
0x0000000008d91000 	/usr/lib/system/libdyld.dylib
0x0000000008d91000 	/usr/lib/system/libkeymgr.dylib
0x0000000008d91000 	/usr/lib/system/liblaunch.dylib
0x0000000008d91000 	/usr/lib/system/libmacho.dylib
0x0000000008d91000 	/usr/lib/system/libquarantine.dylib
0x0000000008d91000 	/usr/lib/system/libremovefile.dylib
0x0000000008d91000 	/usr/lib/system/libsystem_asl.dylib
0x0000000008d91000 	/usr/lib/system/libsystem_blocks.dylib
0x0000000008d91000 	/usr/lib/system/libsystem_c.dylib
0x0000000008d91000 	/usr/lib/system/libsystem_configuration.dylib
0x0000000008d91000 	/usr/lib/system/libsystem_coreservices.dylib
0x0000000008d91000 	/usr/lib/system/libsystem_darwin.dylib
0x0000000008d91000 	/usr/lib/system/libsystem_dnssd.dylib
0x0000000008d91000 	/usr/lib/system/libsystem_info.dylib
0x0000000008d91000 	/usr/lib/system/libsystem_m.dylib
0x0000000008d91000 	/usr/lib/system/libsystem_malloc.dylib
0x0000000008d91000 	/usr/lib/system/libsystem_network.dylib
0x0000000008d91000 	/usr/lib/system/libsystem_networkextension.dylib
0x0000000008d91000 	/usr/lib/system/libsystem_notify.dylib
0x0000000008d91000 	/usr/lib/system/libsystem_sandbox.dylib
0x0000000008d91000 	/usr/lib/system/libsystem_secinit.dylib
0x0000000008d91000 	/usr/lib/system/libsystem_kernel.dylib
0x0000000008d91000 	/usr/lib/system/libsystem_platform.dylib
0x0000000008d91000 	/usr/lib/system/libsystem_pthread.dylib
0x0000000008d91000 	/usr/lib/system/libsystem_symptoms.dylib
0x0000000008d91000 	/usr/lib/system/libsystem_trace.dylib
0x0000000008d91000 	/usr/lib/system/libunwind.dylib
0x0000000008d91000 	/usr/lib/system/libxpc.dylib
0x0000000008d91000 	/usr/lib/closure/libclosured.dylib
0x0000000008d91000 	/usr/lib/libbsm.0.dylib
0x0000000008d91000 	/usr/lib/system/libkxld.dylib
0x0000000008d91000 	/usr/lib/libOpenScriptingUtil.dylib
0x0000000008d91000 	/usr/lib/libcoretls.dylib
0x0000000008d91000 	/usr/lib/libcoretls_cfhelpers.dylib
0x0000000008d91000 	/usr/lib/libpam.2.dylib
0x0000000008d91000 	/usr/lib/libsqlite3.dylib
0x0000000008d91000 	/usr/lib/libxar.1.dylib
0x0000000008d91000 	/usr/lib/libbz2.1.0.dylib
0x0000000008d91000 	/usr/lib/liblzma.5.dylib
0x0000000008d91000 	/usr/lib/libnetwork.dylib
0x0000000008d91000 	/usr/lib/libapple_nghttp2.dylib
0x0000000008d91000 	/usr/lib/libpcap.A.dylib
0x0000000008d91000 	/usr/lib/libboringssl.dylib
0x0000000008d91000 	/usr/lib/libusrtcp.dylib
0x0000000008d91000 	/usr/lib/libapple_crypto.dylib
0x0000000008d91000 	/System/Library/Frameworks/CoreServices.framework/Versions/A/Frameworks/FSEvents.framework/Versions/A/FSEvents
0x0000000008d91000 	/System/Library/Frameworks/CoreServices.framework/Versions/A/Frameworks/CarbonCore.framework/Versions/A/CarbonCore
0x0000000008d91000 	/System/Library/Frameworks/CoreServices.framework/Versions/A/Frameworks/Metadata.framework/Versions/A/Metadata
0x0000000008d91000 	/System/Library/Frameworks/CoreServices.framework/Versions/A/Frameworks/OSServices.framework/Versions/A/OSServices
0x0000000008d91000 	/System/Library/Frameworks/CoreServices.framework/Versions/A/Frameworks/SearchKit.framework/Versions/A/SearchKit
0x0000000008d91000 	/System/Library/Frameworks/CoreServices.framework/Versions/A/Frameworks/AE.framework/Versions/A/AE
0x0000000008d91000 	/System/Library/Frameworks/CoreServices.framework/Versions/A/Frameworks/LaunchServices.framework/Versions/A/LaunchServices
0x0000000008d91000 	/System/Library/Frameworks/CoreServices.framework/Versions/A/Frameworks/DictionaryServices.framework/Versions/A/DictionaryServices
0x0000000008d91000 	/System/Library/Frameworks/CoreServices.framework/Versions/A/Frameworks/SharedFileList.framework/Versions/A/SharedFileList
0x0000000008d91000 	/System/Library/Frameworks/NetFS.framework/Versions/A/NetFS
0x0000000008d91000 	/System/Library/PrivateFrameworks/NetAuth.framework/Versions/A/NetAuth
0x0000000008d91000 	/System/Library/PrivateFrameworks/login.framework/Versions/A/Frameworks/loginsupport.framework/Versions/A/loginsupport
0x0000000008d91000 	/System/Library/PrivateFrameworks/TCC.framework/Versions/A/TCC
0x0000000008d91000 	/usr/lib/libmecabra.dylib
0x0000000008d91000 	/System/Library/Frameworks/ApplicationServices.framework/Versions/A/Frameworks/ATS.framework/Versions/A/ATS
0x0000000008d91000 	/System/Library/Frameworks/ApplicationServices.framework/Versions/A/Frameworks/ColorSyncLegacy.framework/Versions/A/ColorSyncLegacy
0x0000000008d91000 	/System/Library/Frameworks/ApplicationServices.framework/Versions/A/Frameworks/HIServices.framework/Versions/A/HIServices
0x0000000008d91000 	/System/Library/Frameworks/ApplicationServices.framework/Versions/A/Frameworks/LangAnalysis.framework/Versions/A/LangAnalysis
0x0000000008d91000 	/System/Library/Frameworks/ApplicationServices.framework/Versions/A/Frameworks/PrintCore.framework/Versions/A/PrintCore
0x0000000008d91000 	/System/Library/Frameworks/ApplicationServices.framework/Versions/A/Frameworks/QD.framework/Versions/A/QD
0x0000000008d91000 	/System/Library/Frameworks/ApplicationServices.framework/Versions/A/Frameworks/SpeechSynthesis.framework/Versions/A/SpeechSynthesis
0x0000000008d91000 	/System/Library/Frameworks/CoreDisplay.framework/Versions/A/CoreDisplay
0x0000000008d91000 	/System/Library/Frameworks/Accelerate.framework/Versions/A/Frameworks/vImage.framework/Versions/A/vImage
0x0000000008d91000 	/System/Library/Frameworks/Accelerate.framework/Versions/A/Frameworks/vecLib.framework/Versions/A/vecLib
0x0000000008d91000 	/System/Library/Frameworks/Accelerate.framework/Versions/A/Frameworks/vecLib.framework/Versions/A/libvDSP.dylib
0x0000000008d91000 	/System/Library/Frameworks/Accelerate.framework/Versions/A/Frameworks/vecLib.framework/Versions/A/libBNNS.dylib
0x0000000008d91000 	/System/Library/Frameworks/Accelerate.framework/Versions/A/Frameworks/vecLib.framework/Versions/A/libQuadrature.dylib
0x0000000008d91000 	/System/Library/Frameworks/Accelerate.framework/Versions/A/Frameworks/vecLib.framework/Versions/A/libvMisc.dylib
0x0000000008d91000 	/System/Library/Frameworks/Accelerate.framework/Versions/A/Frameworks/vecLib.framework/Versions/A/libLAPACK.dylib
0x0000000008d91000 	/System/Library/Frameworks/Accelerate.framework/Versions/A/Frameworks/vecLib.framework/Versions/A/libBLAS.dylib
0x0000000008d91000 	/System/Library/Frameworks/Accelerate.framework/Versions/A/Frameworks/vecLib.framework/Versions/A/libLinearAlgebra.dylib
0x0000000008d91000 	/System/Library/Frameworks/Accelerate.framework/Versions/A/Frameworks/vecLib.framework/Versions/A/libSparse.dylib
0x0000000008d91000 	/System/Library/Frameworks/Accelerate.framework/Versions/A/Frameworks/vecLib.framework/Versions/A/libSparseBLAS.dylib
0x0000000008d91000 	/System/Library/PrivateFrameworks/GPUWrangler.framework/Versions/A/GPUWrangler
0x0000000008d91000 	/System/Library/PrivateFrameworks/IOAccelerator.framework/Versions/A/IOAccelerator
0x0000000008d91000 	/System/Library/PrivateFrameworks/IOPresentment.framework/Versions/A/IOPresentment
0x0000000008d91000 	/System/Library/PrivateFrameworks/DSExternalDisplay.framework/Versions/A/DSExternalDisplay
0x0000000008d91000 	/System/Library/Frameworks/OpenGL.framework/Versions/A/Libraries/libCoreFSCache.dylib
0x0000000008d91000 	/System/Library/Frameworks/CoreVideo.framework/Versions/A/CoreVideo
0x0000000008d91000 	/System/Library/PrivateFrameworks/GraphVisualizer.framework/Versions/A/GraphVisualizer
0x0000000008d91000 	/System/Library/Frameworks/MetalPerformanceShaders.framework/Versions/A/MetalPerformanceShaders
0x0000000008d91000 	/usr/lib/libFosl_dynamic.dylib
0x0000000008d91000 	/System/Library/PrivateFrameworks/FaceCore.framework/Versions/A/FaceCore
0x0000000008d91000 	/System/Library/Frameworks/OpenCL.framework/Versions/A/OpenCL
0x0000000008d91000 	/usr/lib/libcompression.dylib
0x0000000008d91000 	/System/Library/Frameworks/ApplicationServices.framework/Versions/A/Frameworks/ATS.framework/Versions/A/Resources/libFontParser.dylib
0x0000000008d91000 	/System/Library/Frameworks/ApplicationServices.framework/Versions/A/Frameworks/ATS.framework/Versions/A/Resources/libFontRegistry.dylib
0x0000000008d91000 	/System/Library/Frameworks/ImageIO.framework/Versions/A/Resources/libJPEG.dylib
0x0000000008d91000 	/System/Library/Frameworks/ImageIO.framework/Versions/A/Resources/libTIFF.dylib
0x0000000008d91000 	/System/Library/Frameworks/ImageIO.framework/Versions/A/Resources/libPng.dylib
0x0000000008d91000 	/System/Library/Frameworks/ImageIO.framework/Versions/A/Resources/libGIF.dylib
0x0000000008d91000 	/System/Library/Frameworks/ImageIO.framework/Versions/A/Resources/libJP2.dylib
0x0000000008d91000 	/System/Library/Frameworks/ImageIO.framework/Versions/A/Resources/libRadiance.dylib
0x0000000008d91000 	/System/Library/PrivateFrameworks/AppleJPEG.framework/Versions/A/AppleJPEG
0x0000000008d91000 	/System/Library/Frameworks/MetalPerformanceShaders.framework/Frameworks/MPSCore.framework/Versions/A/MPSCore
0x0000000008d91000 	/System/Library/Frameworks/MetalPerformanceShaders.framework/Frameworks/MPSImage.framework/Versions/A/MPSImage
0x0000000008d91000 	/System/Library/Frameworks/MetalPerformanceShaders.framework/Frameworks/MPSNeuralNetwork.framework/Versions/A/MPSNeuralNetwork
0x0000000008d91000 	/System/Library/Frameworks/MetalPerformanceShaders.framework/Frameworks/MPSMatrix.framework/Versions/A/MPSMatrix
0x0000000008d91000 	/System/Library/PrivateFrameworks/MetalTools.framework/Versions/A/MetalTools
0x0000000008d91000 	/System/Library/Frameworks/OpenGL.framework/Versions/A/Libraries/libGLU.dylib
0x0000000008d91000 	/System/Library/Frameworks/OpenGL.framework/Versions/A/Libraries/libGFXShared.dylib
0x0000000008d91000 	/System/Library/Frameworks/OpenGL.framework/Versions/A/Libraries/libGL.dylib
0x0000000008d91000 	/System/Library/Frameworks/OpenGL.framework/Versions/A/Libraries/libGLImage.dylib
0x0000000008d91000 	/System/Library/Frameworks/OpenGL.framework/Versions/A/Libraries/libCVMSPluginSupport.dylib
0x0000000008d91000 	/System/Library/Frameworks/OpenGL.framework/Versions/A/Libraries/libCoreVMClient.dylib
0x0000000008d91000 	/usr/lib/libcups.2.dylib
0x0000000008d91000 	/System/Library/Frameworks/Kerberos.framework/Versions/A/Kerberos
0x0000000008d91000 	/System/Library/Frameworks/GSS.framework/Versions/A/GSS
0x0000000008d91000 	/usr/lib/libresolv.9.dylib
0x0000000008d91000 	/usr/lib/libiconv.2.dylib
0x0000000008d91000 	/System/Library/PrivateFrameworks/Heimdal.framework/Versions/A/Heimdal
0x0000000008d91000 	/usr/lib/libheimdal-asn1.dylib
0x0000000008d91000 	/System/Library/Frameworks/OpenDirectory.framework/Versions/A/OpenDirectory
0x0000000008d91000 	/System/Library/PrivateFrameworks/CommonAuth.framework/Versions/A/CommonAuth
0x0000000008d91000 	/System/Library/Frameworks/OpenDirectory.framework/Versions/A/Frameworks/CFOpenDirectory.framework/Versions/A/CFOpenDirectory
0x0000000008d91000 	/System/Library/Frameworks/SecurityFoundation.framework/Versions/A/SecurityFoundation
0x0000000008d91000 	/System/Library/PrivateFrameworks/APFS.framework/Versions/A/APFS
0x0000000008d91000 	/usr/lib/libutil.dylib
0x0000000008d91000 	/System/Library/PrivateFrameworks/AppleSauce.framework/Versions/A/AppleSauce
0x0000000008d91000 	/System/Library/PrivateFrameworks/LinguisticData.framework/Versions/A/LinguisticData
0x0000000008d91000 	/usr/lib/libmarisa.dylib
0x0000000008d91000 	/System/Library/PrivateFrameworks/Lexicon.framework/Versions/A/Lexicon
0x0000000008d91000 	/usr/lib/libChineseTokenizer.dylib
0x0000000008d91000 	/usr/lib/libcmph.dylib
0x0000000008d91000 	/System/Library/PrivateFrameworks/LanguageModeling.framework/Versions/A/LanguageModeling
0x0000000008d91000 	/System/Library/PrivateFrameworks/CoreEmoji.framework/Versions/A/CoreEmoji
0x0000000008d91000 	/System/Library/Frameworks/ServiceManagement.framework/Versions/A/ServiceManagement
0x0000000008d91000 	/System/Library/PrivateFrameworks/BackgroundTaskManagement.framework/Versions/A/BackgroundTaskManagement
0x0000000008d91000 	/usr/lib/libxslt.1.dylib
0x0000000008d91000 	/System/Library/Frameworks/Carbon.framework/Versions/A/Frameworks/Ink.framework/Versions/A/Ink
0x0000000008d91000 	/System/Library/PrivateFrameworks/TextureIO.framework/Versions/A/TextureIO
0x0000000008d91000 	/usr/lib/libate.dylib
0x0000000008d91000 	/System/Library/PrivateFrameworks/CrashReporterSupport.framework/Versions/A/CrashReporterSupport
0x0000000008d91000 	/System/Library/PrivateFrameworks/Sharing.framework/Versions/A/Sharing
0x0000000008d91000 	/System/Library/PrivateFrameworks/IconServices.framework/Versions/A/IconServices
0x0000000008d91000 	/System/Library/PrivateFrameworks/AuthKit.framework/Versions/A/AuthKit
0x0000000008d91000 	/System/Library/PrivateFrameworks/Apple80211.framework/Versions/A/Apple80211
0x0000000008d91000 	/System/Library/PrivateFrameworks/CoreUtils.framework/Versions/A/CoreUtils
0x0000000008d91000 	/System/Library/Frameworks/CoreWLAN.framework/Versions/A/CoreWLAN
0x0000000008d91000 	/System/Library/Frameworks/IOBluetooth.framework/Versions/A/IOBluetooth
0x0000000008d91000 	/System/Library/PrivateFrameworks/ProtocolBuffer.framework/Versions/A/ProtocolBuffer
0x0000000008d91000 	/System/Library/PrivateFrameworks/MobileKeyBag.framework/Versions/A/MobileKeyBag
0x0000000008d91000 	/System/Library/PrivateFrameworks/CorePhoneNumbers.framework/Versions/A/CorePhoneNumbers
0x0000000008d91000 	/System/Library/PrivateFrameworks/AppleIDAuthSupport.framework/Versions/A/AppleIDAuthSupport
0x0000000008d91000 	/System/Library/PrivateFrameworks/KeychainCircle.framework/Versions/A/KeychainCircle
0x0000000008d91000 	/System/Library/PrivateFrameworks/CoreWiFi.framework/Versions/A/CoreWiFi
0x0000000008d91000 	/System/Library/Frameworks/CoreBluetooth.framework/Versions/A/CoreBluetooth
0x0000000008d91000 	/System/Library/PrivateFrameworks/DebugSymbols.framework/Versions/A/DebugSymbols
0x0000000008d91000 	/System/Library/PrivateFrameworks/CoreSymbolication.framework/Versions/A/CoreSymbolication
0x0000000008d91000 	/System/Library/PrivateFrameworks/Symbolication.framework/Versions/A/Symbolication
0x0000000008d91000 	/System/Library/PrivateFrameworks/AppleFSCompression.framework/Versions/A/AppleFSCompression
0x0000000008d91000 	/System/Library/PrivateFrameworks/SpeechRecognitionCore.framework/Versions/A/SpeechRecognitionCore
0x000000010928f000 	/Library/Java/JavaVirtualMachines/jdk1.8.0_171.jdk/Contents/Home/jre/lib/server/libjvm.dylib
0x0000000008d91000 	/usr/lib/libstdc++.6.0.9.dylib
0x000000010a23d000 	/Library/Java/JavaVirtualMachines/jdk1.8.0_171.jdk/Contents/Home/jre/lib/libverify.dylib
0x000000010a24b000 	/Library/Java/JavaVirtualMachines/jdk1.8.0_171.jdk/Contents/Home/jre/lib/libjava.dylib
0x000000010a282000 	/Library/Java/JavaVirtualMachines/jdk1.8.0_171.jdk/Contents/Home/jre/lib/libinstrument.dylib
0x000000010a320000 	/Library/Java/JavaVirtualMachines/jdk1.8.0_171.jdk/Contents/Home/jre/lib/libzip.dylib
0x0000000116717000 	/Library/Java/JavaVirtualMachines/jdk1.8.0_171.jdk/Contents/Home/jre/lib/libnet.dylib
0x0000000116b33000 	/Library/Java/JavaVirtualMachines/jdk1.8.0_171.jdk/Contents/Home/jre/lib/libmanagement.dylib
0x00000001167bf000 	/Library/Java/JavaVirtualMachines/jdk1.8.0_171.jdk/Contents/Home/jre/lib/libnio.dylib

VM Arguments:
jvm_args: -javaagent:/Applications/IntelliJ IDEA CE.app/Contents/lib/idea_rt.jar=60110:/Applications/IntelliJ IDEA CE.app/Contents/bin -Dfile.encoding=UTF-8 
java_command: com.redhat.rest.example.demorest.RecordsDashboard
java_class_path (initial): /Library/Java/JavaVirtualMachines/jdk1.8.0_171.jdk/Contents/Home/jre/lib/charsets.jar:/Library/Java/JavaVirtualMachines/jdk1.8.0_171.jdk/Contents/Home/jre/lib/deploy.jar:/Library/Java/JavaVirtualMachines/jdk1.8.0_171.jdk/Contents/Home/jre/lib/ext/cldrdata.jar:/Library/Java/JavaVirtualMachines/jdk1.8.0_171.jdk/Contents/Home/jre/lib/ext/dnsns.jar:/Library/Java/JavaVirtualMachines/jdk1.8.0_171.jdk/Contents/Home/jre/lib/ext/jaccess.jar:/Library/Java/JavaVirtualMachines/jdk1.8.0_171.jdk/Contents/Home/jre/lib/ext/jfxrt.jar:/Library/Java/JavaVirtualMachines/jdk1.8.0_171.jdk/Contents/Home/jre/lib/ext/localedata.jar:/Library/Java/JavaVirtualMachines/jdk1.8.0_171.jdk/Contents/Home/jre/lib/ext/nashorn.jar:/Library/Java/JavaVirtualMachines/jdk1.8.0_171.jdk/Contents/Home/jre/lib/ext/sunec.jar:/Library/Java/JavaVirtualMachines/jdk1.8.0_171.jdk/Contents/Home/jre/lib/ext/sunjce_provider.jar:/Library/Java/JavaVirtualMachines/jdk1.8.0_171.jdk/Contents/Home/jre/lib/ext/sunpkcs11.jar:/Library/Java/JavaVirtualMachines/jdk1.8.0_171.jdk/Contents/Home/jre/lib/ext/zipfs.jar:/Library/Java/JavaVirtualMachines/jdk1.8.0_171.jdk/Contents/Home/jre/lib/javaws.jar:/Library/Java/JavaVirtualMachines/jdk1.8.0_171.jdk/Contents/Home/jre/lib/jce.jar:/Library/Java/JavaVirtualMachines/jdk1.8.0_171.jdk/Contents/Home/jre/lib/jfr.jar:/Library/Java/JavaVirtualMachines/jdk1.8.0_171.jdk/Contents/Home/jre/lib/jfxswt.jar:/Library/Java/JavaVirtualMachines/jdk1.8.0_171.jdk/Contents/Home/jre/lib/jsse.jar:/Library/Java/JavaVirtualMachines/jdk1.8.0_171.jdk/Contents/Home/jre/lib/management-agent.jar:/Library/Java/JavaVirtualMachines/jdk1.8.0_171.jdk/Contents/Home/jre/lib/plugin.jar:/Library/Java/JavaVirtualMachines/jdk1.8.0_171.jdk/Contents/Home/jre/lib/resources.jar:/Library/Java/JavaVirtualMachines/jdk1.8.0_171.jdk/Contents/Home/jre/lib/rt.jar:/Library/Java/JavaVirtualMachines/jdk1.8.0_171.jdk/Contents/Home/lib/ant-javafx.jar:/Library/Java/JavaVirtualMachines/jdk1.8.0_171.jdk/Contents/Home
Launcher Type: SUN_STANDARD

Environment Variables:
PATH=/usr/local/bin:/usr/bin:/bin:/usr/sbin:/sbin:/usr/local/munki
SHELL=/bin/bash

Signal Handlers:
SIGSEGV: [libjvm.dylib+0x5b512d], sa_mask[0]=11111111011111110111111111111111, sa_flags=SA_ONSTACK|SA_RESTART|SA_SIGINFO
SIGBUS: [libjvm.dylib+0x5b512d], sa_mask[0]=11111111011111110111111111111111, sa_flags=SA_RESTART|SA_SIGINFO
SIGFPE: [libjvm.dylib+0x48aa90], sa_mask[0]=11111111011111110111111111111111, sa_flags=SA_RESTART|SA_SIGINFO
SIGPIPE: [libjvm.dylib+0x48aa90], sa_mask[0]=11111111011111110111111111111111, sa_flags=SA_RESTART|SA_SIGINFO
SIGXFSZ: [libjvm.dylib+0x48aa90], sa_mask[0]=11111111011111110111111111111111, sa_flags=SA_RESTART|SA_SIGINFO
SIGILL: [libjvm.dylib+0x48aa90], sa_mask[0]=11111111011111110111111111111111, sa_flags=SA_RESTART|SA_SIGINFO
SIGUSR1: SIG_DFL, sa_mask[0]=00000000000000000000000000000000, sa_flags=none
SIGUSR2: [libjvm.dylib+0x48a5ae], sa_mask[0]=00100000000000000000000000000000, sa_flags=SA_RESTART|SA_SIGINFO
SIGHUP: [libjvm.dylib+0x488b79], sa_mask[0]=11111111011111110111111111111111, sa_flags=SA_RESTART|SA_SIGINFO
SIGINT: [libjvm.dylib+0x488b79], sa_mask[0]=11111111011111110111111111111111, sa_flags=SA_RESTART|SA_SIGINFO
SIGTERM: [libjvm.dylib+0x488b79], sa_mask[0]=11111111011111110111111111111111, sa_flags=SA_RESTART|SA_SIGINFO
SIGQUIT: [libjvm.dylib+0x488b79], sa_mask[0]=11111111011111110111111111111111, sa_flags=SA_RESTART|SA_SIGINFO


---------------  S Y S T E M  ---------------

OS:Bsduname:Darwin 17.7.0 Darwin Kernel Version 17.7.0: Thu Dec 20 21:47:19 PST 2018; root:xnu-4570.71.22~1/RELEASE_X86_64 x86_64
rlimit: STACK 8192k, CORE 0k, NPROC 1418, NOFILE 10240, AS infinity
load average:3.64 4.58 6.22

CPU:total 4 (initial active 4) (2 cores per cpu, 2 threads per core) family 6 model 142 stepping 9, cmov, cx8, fxsr, mmx, sse, sse2, sse3, ssse3, sse4.1, sse4.2, popcnt, avx, avx2, aes, clmul, erms, rtm, 3dnowpref, lzcnt, ht, tsc, tscinvbit, bmi1, bmi2, adx

Memory: 4k page, physical 16777216k(73092k free)

/proc/meminfo:


vm_info: Java HotSpot(TM) 64-Bit Server VM (25.171-b11) for bsd-amd64 JRE (1.8.0_171-b11), built on Mar 28 2018 12:50:57 by "java_re" with gcc 4.2.1 (Based on Apple Inc. build 5658) (LLVM build 2336.11.00)

time: Thu Mar 14 07:36:08 2019
elapsed time: 768 seconds (0d 0h 12m 48s)

