#
# A fatal error has been detected by the Java Runtime Environment:
#
#  SIGBUS (0xa) at pc=0x00000001027f4e92, pid=31692, tid=0x0000000000009f03
#
# JRE version: Java(TM) SE Runtime Environment (8.0_171-b11) (build 1.8.0_171-b11)
# Java VM: Java HotSpot(TM) 64-Bit Server VM (25.171-b11 mixed mode bsd-amd64 compressed oops)
# Problematic frame:
# C  [libzip.dylib+0x2e92]  newEntry+0x154
#
# Failed to write core dump. Core dumps have been disabled. To enable core dumping, try "ulimit -c unlimited" before starting Java again
#
# If you would like to submit a bug report, please visit:
#   http://bugreport.java.com/bugreport/crash.jsp
# The crash happened outside the Java Virtual Machine in native code.
# See problematic frame for where to report the bug.
#

---------------  T H R E A D  ---------------

Current thread (0x00007fd102e59800):  JavaThread "XNIO-3 task-4" [_thread_in_native, id=40707, stack(0x0000700010a1c000,0x0000700010b1c000)]

siginfo: si_signo: 10 (SIGBUS), si_code: 2 (BUS_ADRERR), si_addr: 0x000000010fa7a8ac

Registers:
RAX=0x00007fd0fcf1e800, RBX=0x000000010fa7a8a0, RCX=0x0000000000000001, RDX=0x0000000000080000
RSP=0x0000700010b17410, RBP=0x0000700010b17470, RSI=0x00000000fff87fff, RDI=0x00000000000005af
R8 =0x0000000010385af3, R9 =0x0000000000000004, R10=0x00000000fff80000, R11=0x00007fd103800000
R12=0x00007fd0fcf1e940, R13=0x0000000000000050, R14=0x000000000c8a9626, R15=0x00007fd0ff6f4c10
RIP=0x00000001027f4e92, EFLAGS=0x0000000000010206, ERR=0x0000000000000004
  TRAPNO=0x000000000000000e

Top of Stack: (sp=0x0000700010b17410)
0x0000700010b17410:   000000010d9193d8 0000000010b176c0
0x0000700010b17420:   00007fd102e59800 0000700010b17510
0x0000700010b17430:   0000700010b17450 00007fd0fcf1e800
0x0000700010b17440:   00007fd10385aee0 00007fd0fcf1e800
0x0000700010b17450:   00007fd0fcf1e940 0000000000000050
0x0000700010b17460:   000000000c8a9626 00007fd0ff6f4c10
0x0000700010b17470:   0000700010b174d0 00000001027f552d
0x0000700010b17480:   0000700010b1752a 0000700010b17529
0x0000700010b17490:   0000003a00000000 0000003b01e59800
0x0000700010b174a0:   0000700010b174ee 0000700010b17938
0x0000700010b174b0:   000000000000003b 0000700010b174ee
0x0000700010b174c0:   00007fd0fcf1e800 00007fd102e599f8
0x0000700010b174d0:   0000700010b17920 00000001027f4238
0x0000700010b174e0:   0000000121bf0700 454d7fd100000001
0x0000700010b174f0:   6d2f464e492d4154 6d6f632f6e657661
0x0000700010b17500:   6563617073796d2e 6e656d75636f442f
0x0000700010b17510:   746172656e654774 702e6d6f702f726f
0x0000700010b17520:   6569747265706f72 000000010e000073
0x0000700010b17530:   0000000000000000 00007fd121bdaea8
0x0000700010b17540:   000000010d9193d8 00007fd102e59800
0x0000700010b17550:   000000010d9193d8 00007fd102e59800
0x0000700010b17560:   000000010d9193d8 00007fd102e59800
0x0000700010b17570:   000000010d9193d8 000000010d9193d8
0x0000700010b17580:   000000010d9193d8 00007fd0fcf13940
0x0000700010b17590:   00007fd102e59800 0000700010b17680
0x0000700010b175a0:   00007fd0ff51f738 00007fd0ff51f730
0x0000700010b175b0:   0000700010b17740 000000010331661f
0x0000700010b175c0:   00007fd102e59800 0000000721bf7c28
0x0000700010b175d0:   000000010dc06ce8 000000010e11c590
0x0000700010b175e0:   0000700022b0b730 00007fff58a0b342
0x0000700010b175f0:   0000000000000007 00000001026f3080
0x0000700010b17600:   000000000000000a 00000001026f7800 

Instructions: (pc=0x00000001027f4e92)
0x00000001027f4e72:   49 8b 7f 38 e8 5b 1b 00 00 4d 89 77 38 49 89 5f
0x00000001027f4e82:   40 4c 89 f0 48 85 c0 0f 84 11 05 00 00 48 89 c3
0x00000001027f4e92:   0f b6 43 0c 0f b6 4b 0d 48 c1 e1 08 48 01 c1 0f
0x00000001027f4ea2:   b6 43 0e 0f b6 53 0f 48 c1 e2 08 48 01 c2 48 c1 

Register to memory mapping:

RAX=0x00007fd0fcf1e800 is an unknown value
RBX=0x000000010fa7a8a0 is an unknown value
RCX=0x0000000000000001 is an unknown value
RDX=0x0000000000080000 is an unknown value
RSP=0x0000700010b17410 is pointing into the stack for thread: 0x00007fd102e59800
RBP=0x0000700010b17470 is pointing into the stack for thread: 0x00007fd102e59800
RSI=0x00000000fff87fff is an unknown value
RDI=0x00000000000005af is an unknown value
R8 =0x0000000010385af3 is an unknown value
R9 =0x0000000000000004 is an unknown value
R10=0x00000000fff80000 is an unknown value
R11=0x00007fd103800000 is an unknown value
R12=0x00007fd0fcf1e940 is an unknown value
R13=0x0000000000000050 is an unknown value
R14=0x000000000c8a9626 is an unknown value
R15=0x00007fd0ff6f4c10 is an unknown value


Stack: [0x0000700010a1c000,0x0000700010b1c000],  sp=0x0000700010b17410,  free space=1005k
Native frames: (J=compiled Java code, j=interpreted, Vv=VM code, C=native code)
C  [libzip.dylib+0x2e92]  newEntry+0x154
C  [libzip.dylib+0x352d]  ZIP_GetEntry2+0xd4
C  [libzip.dylib+0x2238]  Java_java_util_zip_ZipFile_getEntry+0xcf
J 41  java.util.zip.ZipFile.getEntry(J[BZ)J (0 bytes) @ 0x000000011099eb8e [0x000000011099eac0+0xce]
J 4508 C2 java.util.zip.ZipFile.getEntry(Ljava/lang/String;)Ljava/util/zip/ZipEntry; (101 bytes) @ 0x0000000110c11c40 [0x0000000110c118c0+0x380]
J 940 C2 sun.misc.URLClassPath$JarLoader.getResource(Ljava/lang/String;Z)Lsun/misc/Resource; (85 bytes) @ 0x0000000110c1962c [0x0000000110c195a0+0x8c]
J 1665 C2 sun.misc.URLClassPath.findResource(Ljava/lang/String;Z)Ljava/net/URL; (47 bytes) @ 0x0000000110e4889c [0x0000000110e487a0+0xfc]
J 1436 C1 java.net.URLClassLoader$2.run()Ljava/lang/Object; (5 bytes) @ 0x0000000110d999d4 [0x0000000110d998c0+0x114]
v  ~StubRoutines::call_stub
V  [libjvm.dylib+0x2ef1f6]
V  [libjvm.dylib+0x34fb24]
J 623  java.security.AccessController.doPrivileged(Ljava/security/PrivilegedAction;Ljava/security/AccessControlContext;)Ljava/lang/Object; (0 bytes) @ 0x0000000110b49f15 [0x0000000110b49e40+0xd5]
J 1434 C1 java.net.URLClassLoader.findResource(Ljava/lang/String;)Ljava/net/URL; (37 bytes) @ 0x0000000110d97254 [0x0000000110d970c0+0x194]
J 1433 C1 java.lang.ClassLoader.getResource(Ljava/lang/String;)Ljava/net/URL; (36 bytes) @ 0x0000000110d96ae4 [0x0000000110d96620+0x4c4]
j  org.drools.compiler.kie.builder.impl.KieRepositoryImpl.checkClasspathForKieModule(Lorg/kie/api/builder/ReleaseId;)Lorg/kie/api/builder/KieModule;+29
j  org.drools.compiler.kie.builder.impl.KieRepositoryImpl.getKieModule(Lorg/kie/api/builder/ReleaseId;Lorg/appformer/maven/support/PomModel;)Lorg/kie/api/builder/KieModule;+34
j  org.drools.compiler.kie.builder.impl.KieRepositoryImpl.getKieModule(Lorg/kie/api/builder/ReleaseId;)Lorg/kie/api/builder/KieModule;+3
j  org.drools.compiler.kie.builder.impl.KieServicesImpl.newKieContainer(Ljava/lang/String;Lorg/kie/api/builder/ReleaseId;Ljava/lang/ClassLoader;)Lorg/kie/api/runtime/KieContainer;+5
j  org.drools.compiler.kie.builder.impl.KieServicesImpl.newKieContainer(Lorg/kie/api/builder/ReleaseId;)Lorg/kie/api/runtime/KieContainer;+4
j  com.redhat.rest.example.demorest.DocumentCheckListGenerator.process(Ljava/io/InputStream;)Ljava/lang/String;+89
v  ~StubRoutines::call_stub
V  [libjvm.dylib+0x2ef1f6]
V  [libjvm.dylib+0x4d590c]
V  [libjvm.dylib+0x4d5e40]
V  [libjvm.dylib+0x34777c]
J 2443  sun.reflect.NativeMethodAccessorImpl.invoke0(Ljava/lang/reflect/Method;Ljava/lang/Object;[Ljava/lang/Object;)Ljava/lang/Object; (0 bytes) @ 0x00000001110f196d [0x00000001110f1880+0xed]
J 1916 C1 sun.reflect.NativeMethodAccessorImpl.invoke(Ljava/lang/Object;[Ljava/lang/Object;)Ljava/lang/Object; (104 bytes) @ 0x0000000110f27714 [0x0000000110f26540+0x11d4]
J 1196 C1 sun.reflect.DelegatingMethodAccessorImpl.invoke(Ljava/lang/Object;[Ljava/lang/Object;)Ljava/lang/Object; (10 bytes) @ 0x0000000110ca078c [0x0000000110ca0680+0x10c]
J 982 C1 java.lang.reflect.Method.invoke(Ljava/lang/Object;[Ljava/lang/Object;)Ljava/lang/Object; (62 bytes) @ 0x0000000110c2ffdc [0x0000000110c2fbe0+0x3fc]
j  org.apache.camel.component.bean.MethodInfo.invoke(Ljava/lang/reflect/Method;Ljava/lang/Object;[Ljava/lang/Object;Lorg/apache/camel/Exchange;)Ljava/lang/Object;+3
j  org.apache.camel.component.bean.MethodInfo$1.doProceed(Lorg/apache/camel/AsyncCallback;)Z+149
j  org.apache.camel.component.bean.MethodInfo$1.proceed(Lorg/apache/camel/AsyncCallback;)Z+33
j  org.apache.camel.component.bean.AbstractBeanProcessor.process(Lorg/apache/camel/Exchange;Lorg/apache/camel/AsyncCallback;)Z+632
j  org.apache.camel.component.bean.BeanProcessor.process(Lorg/apache/camel/Exchange;Lorg/apache/camel/AsyncCallback;)Z+6
j  org.apache.camel.processor.RedeliveryErrorHandler.process(Lorg/apache/camel/Exchange;Lorg/apache/camel/AsyncCallback;)Z+550
j  org.apache.camel.processor.CamelInternalProcessor.process(Lorg/apache/camel/Exchange;Lorg/apache/camel/AsyncCallback;)Z+306
j  org.apache.camel.processor.Pipeline.process(Lorg/apache/camel/Exchange;Lorg/apache/camel/Exchange;Lorg/apache/camel/AsyncCallback;Ljava/util/Iterator;Lorg/apache/camel/AsyncProcessor;)Z+33
j  org.apache.camel.processor.Pipeline.process(Lorg/apache/camel/Exchange;Lorg/apache/camel/AsyncCallback;)Z+71
j  org.apache.camel.processor.CamelInternalProcessor.process(Lorg/apache/camel/Exchange;Lorg/apache/camel/AsyncCallback;)Z+306
j  org.apache.camel.processor.DelegateAsyncProcessor.process(Lorg/apache/camel/Exchange;)V+34
j  org.apache.camel.http.common.CamelServlet.doService(Ljavax/servlet/http/HttpServletRequest;Ljavax/servlet/http/HttpServletResponse;)V+546
j  org.apache.camel.http.common.CamelServlet.service(Ljavax/servlet/http/HttpServletRequest;Ljavax/servlet/http/HttpServletResponse;)V+33
j  javax.servlet.http.HttpServlet.service(Ljavax/servlet/ServletRequest;Ljavax/servlet/ServletResponse;)V+39
j  io.undertow.servlet.handlers.ServletHandler.handleRequest(Lio/undertow/server/HttpServerExchange;)V+143
j  io.undertow.servlet.handlers.FilterHandler$FilterChainImpl.doFilter(Ljavax/servlet/ServletRequest;Ljavax/servlet/ServletResponse;)V+124
j  org.springframework.boot.web.filter.ApplicationContextHeaderFilter.doFilterInternal(Ljavax/servlet/http/HttpServletRequest;Ljavax/servlet/http/HttpServletResponse;Ljavax/servlet/FilterChain;)V+20
j  org.springframework.web.filter.OncePerRequestFilter.doFilter(Ljavax/servlet/ServletRequest;Ljavax/servlet/ServletResponse;Ljavax/servlet/FilterChain;)V+111
j  io.undertow.servlet.core.ManagedFilter.doFilter(Ljavax/servlet/ServletRequest;Ljavax/servlet/ServletResponse;Ljavax/servlet/FilterChain;)V+60
j  io.undertow.servlet.handlers.FilterHandler$FilterChainImpl.doFilter(Ljavax/servlet/ServletRequest;Ljavax/servlet/ServletResponse;)V+149
j  org.springframework.web.filter.CorsFilter.doFilterInternal(Ljavax/servlet/http/HttpServletRequest;Ljavax/servlet/http/HttpServletResponse;Ljavax/servlet/FilterChain;)V+55
j  org.springframework.web.filter.OncePerRequestFilter.doFilter(Ljavax/servlet/ServletRequest;Ljavax/servlet/ServletResponse;Ljavax/servlet/FilterChain;)V+111
j  io.undertow.servlet.core.ManagedFilter.doFilter(Ljavax/servlet/ServletRequest;Ljavax/servlet/ServletResponse;Ljavax/servlet/FilterChain;)V+60
j  io.undertow.servlet.handlers.FilterHandler$FilterChainImpl.doFilter(Ljavax/servlet/ServletRequest;Ljavax/servlet/ServletResponse;)V+149
j  org.springframework.boot.actuate.trace.WebRequestTraceFilter.doFilterInternal(Ljavax/servlet/http/HttpServletRequest;Ljavax/servlet/http/HttpServletResponse;Ljavax/servlet/FilterChain;)V+30
j  org.springframework.web.filter.OncePerRequestFilter.doFilter(Ljavax/servlet/ServletRequest;Ljavax/servlet/ServletResponse;Ljavax/servlet/FilterChain;)V+111
j  io.undertow.servlet.core.ManagedFilter.doFilter(Ljavax/servlet/ServletRequest;Ljavax/servlet/ServletResponse;Ljavax/servlet/FilterChain;)V+60
j  io.undertow.servlet.handlers.FilterHandler$FilterChainImpl.doFilter(Ljavax/servlet/ServletRequest;Ljavax/servlet/ServletResponse;)V+149
j  org.springframework.web.filter.RequestContextFilter.doFilterInternal(Ljavax/servlet/http/HttpServletRequest;Ljavax/servlet/http/HttpServletResponse;Ljavax/servlet/FilterChain;)V+21
j  org.springframework.web.filter.OncePerRequestFilter.doFilter(Ljavax/servlet/ServletRequest;Ljavax/servlet/ServletResponse;Ljavax/servlet/FilterChain;)V+111
j  io.undertow.servlet.core.ManagedFilter.doFilter(Ljavax/servlet/ServletRequest;Ljavax/servlet/ServletResponse;Ljavax/servlet/FilterChain;)V+60
j  io.undertow.servlet.handlers.FilterHandler$FilterChainImpl.doFilter(Ljavax/servlet/ServletRequest;Ljavax/servlet/ServletResponse;)V+149
j  org.springframework.web.filter.HttpPutFormContentFilter.doFilterInternal(Ljavax/servlet/http/HttpServletRequest;Ljavax/servlet/http/HttpServletResponse;Ljavax/servlet/FilterChain;)V+95
j  org.springframework.web.filter.OncePerRequestFilter.doFilter(Ljavax/servlet/ServletRequest;Ljavax/servlet/ServletResponse;Ljavax/servlet/FilterChain;)V+111
j  io.undertow.servlet.core.ManagedFilter.doFilter(Ljavax/servlet/ServletRequest;Ljavax/servlet/ServletResponse;Ljavax/servlet/FilterChain;)V+60
j  io.undertow.servlet.handlers.FilterHandler$FilterChainImpl.doFilter(Ljavax/servlet/ServletRequest;Ljavax/servlet/ServletResponse;)V+149
j  org.springframework.web.filter.HiddenHttpMethodFilter.doFilterInternal(Ljavax/servlet/http/HttpServletRequest;Ljavax/servlet/http/HttpServletResponse;Ljavax/servlet/FilterChain;)V+64
j  org.springframework.web.filter.OncePerRequestFilter.doFilter(Ljavax/servlet/ServletRequest;Ljavax/servlet/ServletResponse;Ljavax/servlet/FilterChain;)V+111
j  io.undertow.servlet.core.ManagedFilter.doFilter(Ljavax/servlet/ServletRequest;Ljavax/servlet/ServletResponse;Ljavax/servlet/FilterChain;)V+60
j  io.undertow.servlet.handlers.FilterHandler$FilterChainImpl.doFilter(Ljavax/servlet/ServletRequest;Ljavax/servlet/ServletResponse;)V+149
j  org.springframework.web.filter.CharacterEncodingFilter.doFilterInternal(Ljavax/servlet/http/HttpServletRequest;Ljavax/servlet/http/HttpServletResponse;Ljavax/servlet/FilterChain;)V+53
j  org.springframework.web.filter.OncePerRequestFilter.doFilter(Ljavax/servlet/ServletRequest;Ljavax/servlet/ServletResponse;Ljavax/servlet/FilterChain;)V+111
j  io.undertow.servlet.core.ManagedFilter.doFilter(Ljavax/servlet/ServletRequest;Ljavax/servlet/ServletResponse;Ljavax/servlet/FilterChain;)V+60
j  io.undertow.servlet.handlers.FilterHandler$FilterChainImpl.doFilter(Ljavax/servlet/ServletRequest;Ljavax/servlet/ServletResponse;)V+149
j  org.springframework.boot.actuate.autoconfigure.MetricsFilter.doFilterInternal(Ljavax/servlet/http/HttpServletRequest;Ljavax/servlet/http/HttpServletResponse;Ljavax/servlet/FilterChain;)V+31
j  org.springframework.web.filter.OncePerRequestFilter.doFilter(Ljavax/servlet/ServletRequest;Ljavax/servlet/ServletResponse;Ljavax/servlet/FilterChain;)V+111
j  io.undertow.servlet.core.ManagedFilter.doFilter(Ljavax/servlet/ServletRequest;Ljavax/servlet/ServletResponse;Ljavax/servlet/FilterChain;)V+60
j  io.undertow.servlet.handlers.FilterHandler$FilterChainImpl.doFilter(Ljavax/servlet/ServletRequest;Ljavax/servlet/ServletResponse;)V+149
j  io.undertow.servlet.handlers.FilterHandler.handleRequest(Lio/undertow/server/HttpServerExchange;)V+122
j  io.undertow.servlet.handlers.security.ServletSecurityRoleHandler.handleRequest(Lio/undertow/server/HttpServerExchange;)V+104
j  io.undertow.servlet.handlers.ServletChain$1.handleRequest(Lio/undertow/server/HttpServerExchange;)V+57
j  io.undertow.servlet.handlers.ServletDispatchingHandler.handleRequest(Lio/undertow/server/HttpServerExchange;)V+19
j  io.undertow.servlet.handlers.security.SSLInformationAssociationHandler.handleRequest(Lio/undertow/server/HttpServerExchange;)V+101
j  io.undertow.servlet.handlers.security.ServletAuthenticationCallHandler.handleRequest(Lio/undertow/server/HttpServerExchange;)V+40
j  io.undertow.server.handlers.PredicateHandler.handleRequest(Lio/undertow/server/HttpServerExchange;)V+27
j  io.undertow.security.handlers.AbstractConfidentialityHandler.handleRequest(Lio/undertow/server/HttpServerExchange;)V+21
j  io.undertow.servlet.handlers.security.ServletConfidentialityConstraintHandler.handleRequest(Lio/undertow/server/HttpServerExchange;)V+99
j  io.undertow.security.handlers.AuthenticationMechanismsHandler.handleRequest(Lio/undertow/server/HttpServerExchange;)V+58
j  io.undertow.servlet.handlers.security.CachedAuthenticatedSessionHandler.handleRequest(Lio/undertow/server/HttpServerExchange;)V+51
j  io.undertow.security.handlers.AbstractSecurityContextAssociationHandler.handleRequest(Lio/undertow/server/HttpServerExchange;)V+14
j  io.undertow.server.handlers.PredicateHandler.handleRequest(Lio/undertow/server/HttpServerExchange;)V+27
j  io.undertow.server.handlers.PredicateHandler.handleRequest(Lio/undertow/server/HttpServerExchange;)V+27
j  io.undertow.servlet.handlers.ServletInitialHandler.handleFirstRequest(Lio/undertow/server/HttpServerExchange;Lio/undertow/servlet/handlers/ServletRequestContext;)V+108
j  io.undertow.servlet.handlers.ServletInitialHandler.access$100(Lio/undertow/servlet/handlers/ServletInitialHandler;Lio/undertow/server/HttpServerExchange;Lio/undertow/servlet/handlers/ServletRequestContext;)V+3
j  io.undertow.servlet.handlers.ServletInitialHandler$2.call(Lio/undertow/server/HttpServerExchange;Lio/undertow/servlet/handlers/ServletRequestContext;)Ljava/lang/Object;+6
j  io.undertow.servlet.handlers.ServletInitialHandler$2.call(Lio/undertow/server/HttpServerExchange;Ljava/lang/Object;)Ljava/lang/Object;+6
j  io.undertow.servlet.core.ServletRequestContextThreadSetupAction$1.call(Lio/undertow/server/HttpServerExchange;Ljava/lang/Object;)Ljava/lang/Object;+42
j  io.undertow.servlet.core.ContextClassLoaderSetupAction$1.call(Lio/undertow/server/HttpServerExchange;Ljava/lang/Object;)Ljava/lang/Object;+20
j  io.undertow.servlet.handlers.ServletInitialHandler.dispatchRequest(Lio/undertow/server/HttpServerExchange;Lio/undertow/servlet/handlers/ServletRequestContext;Lio/undertow/servlet/handlers/ServletChain;Ljavax/servlet/DispatcherType;)V+33
j  io.undertow.servlet.handlers.ServletInitialHandler.access$000(Lio/undertow/servlet/handlers/ServletInitialHandler;Lio/undertow/server/HttpServerExchange;Lio/undertow/servlet/handlers/ServletRequestContext;Lio/undertow/servlet/handlers/ServletChain;Ljavax/servlet/DispatcherType;)V+6
j  io.undertow.servlet.handlers.ServletInitialHandler$1.handleRequest(Lio/undertow/server/HttpServerExchange;)V+33
...<more frames>...

Java frames: (J=compiled Java code, j=interpreted, Vv=VM code)
J 41  java.util.zip.ZipFile.getEntry(J[BZ)J (0 bytes) @ 0x000000011099eb18 [0x000000011099eac0+0x58]
J 4508 C2 java.util.zip.ZipFile.getEntry(Ljava/lang/String;)Ljava/util/zip/ZipEntry; (101 bytes) @ 0x0000000110c11c40 [0x0000000110c118c0+0x380]
J 940 C2 sun.misc.URLClassPath$JarLoader.getResource(Ljava/lang/String;Z)Lsun/misc/Resource; (85 bytes) @ 0x0000000110c1962c [0x0000000110c195a0+0x8c]
J 1665 C2 sun.misc.URLClassPath.findResource(Ljava/lang/String;Z)Ljava/net/URL; (47 bytes) @ 0x0000000110e4889c [0x0000000110e487a0+0xfc]
J 1436 C1 java.net.URLClassLoader$2.run()Ljava/lang/Object; (5 bytes) @ 0x0000000110d999d4 [0x0000000110d998c0+0x114]
v  ~StubRoutines::call_stub
J 623  java.security.AccessController.doPrivileged(Ljava/security/PrivilegedAction;Ljava/security/AccessControlContext;)Ljava/lang/Object; (0 bytes) @ 0x0000000110b49ea3 [0x0000000110b49e40+0x63]
J 1434 C1 java.net.URLClassLoader.findResource(Ljava/lang/String;)Ljava/net/URL; (37 bytes) @ 0x0000000110d97254 [0x0000000110d970c0+0x194]
J 1433 C1 java.lang.ClassLoader.getResource(Ljava/lang/String;)Ljava/net/URL; (36 bytes) @ 0x0000000110d96ae4 [0x0000000110d96620+0x4c4]
j  org.drools.compiler.kie.builder.impl.KieRepositoryImpl.checkClasspathForKieModule(Lorg/kie/api/builder/ReleaseId;)Lorg/kie/api/builder/KieModule;+29
j  org.drools.compiler.kie.builder.impl.KieRepositoryImpl.getKieModule(Lorg/kie/api/builder/ReleaseId;Lorg/appformer/maven/support/PomModel;)Lorg/kie/api/builder/KieModule;+34
j  org.drools.compiler.kie.builder.impl.KieRepositoryImpl.getKieModule(Lorg/kie/api/builder/ReleaseId;)Lorg/kie/api/builder/KieModule;+3
j  org.drools.compiler.kie.builder.impl.KieServicesImpl.newKieContainer(Ljava/lang/String;Lorg/kie/api/builder/ReleaseId;Ljava/lang/ClassLoader;)Lorg/kie/api/runtime/KieContainer;+5
j  org.drools.compiler.kie.builder.impl.KieServicesImpl.newKieContainer(Lorg/kie/api/builder/ReleaseId;)Lorg/kie/api/runtime/KieContainer;+4
j  com.redhat.rest.example.demorest.DocumentCheckListGenerator.process(Ljava/io/InputStream;)Ljava/lang/String;+89
v  ~StubRoutines::call_stub
J 2443  sun.reflect.NativeMethodAccessorImpl.invoke0(Ljava/lang/reflect/Method;Ljava/lang/Object;[Ljava/lang/Object;)Ljava/lang/Object; (0 bytes) @ 0x00000001110f18f7 [0x00000001110f1880+0x77]
J 1916 C1 sun.reflect.NativeMethodAccessorImpl.invoke(Ljava/lang/Object;[Ljava/lang/Object;)Ljava/lang/Object; (104 bytes) @ 0x0000000110f27714 [0x0000000110f26540+0x11d4]
J 1196 C1 sun.reflect.DelegatingMethodAccessorImpl.invoke(Ljava/lang/Object;[Ljava/lang/Object;)Ljava/lang/Object; (10 bytes) @ 0x0000000110ca078c [0x0000000110ca0680+0x10c]
J 982 C1 java.lang.reflect.Method.invoke(Ljava/lang/Object;[Ljava/lang/Object;)Ljava/lang/Object; (62 bytes) @ 0x0000000110c2ffdc [0x0000000110c2fbe0+0x3fc]
j  org.apache.camel.component.bean.MethodInfo.invoke(Ljava/lang/reflect/Method;Ljava/lang/Object;[Ljava/lang/Object;Lorg/apache/camel/Exchange;)Ljava/lang/Object;+3
j  org.apache.camel.component.bean.MethodInfo$1.doProceed(Lorg/apache/camel/AsyncCallback;)Z+149
j  org.apache.camel.component.bean.MethodInfo$1.proceed(Lorg/apache/camel/AsyncCallback;)Z+33
j  org.apache.camel.component.bean.AbstractBeanProcessor.process(Lorg/apache/camel/Exchange;Lorg/apache/camel/AsyncCallback;)Z+632
j  org.apache.camel.component.bean.BeanProcessor.process(Lorg/apache/camel/Exchange;Lorg/apache/camel/AsyncCallback;)Z+6
j  org.apache.camel.processor.RedeliveryErrorHandler.process(Lorg/apache/camel/Exchange;Lorg/apache/camel/AsyncCallback;)Z+550
j  org.apache.camel.processor.CamelInternalProcessor.process(Lorg/apache/camel/Exchange;Lorg/apache/camel/AsyncCallback;)Z+306
j  org.apache.camel.processor.Pipeline.process(Lorg/apache/camel/Exchange;Lorg/apache/camel/Exchange;Lorg/apache/camel/AsyncCallback;Ljava/util/Iterator;Lorg/apache/camel/AsyncProcessor;)Z+33
j  org.apache.camel.processor.Pipeline.process(Lorg/apache/camel/Exchange;Lorg/apache/camel/AsyncCallback;)Z+71
j  org.apache.camel.processor.CamelInternalProcessor.process(Lorg/apache/camel/Exchange;Lorg/apache/camel/AsyncCallback;)Z+306
j  org.apache.camel.processor.DelegateAsyncProcessor.process(Lorg/apache/camel/Exchange;)V+34
j  org.apache.camel.http.common.CamelServlet.doService(Ljavax/servlet/http/HttpServletRequest;Ljavax/servlet/http/HttpServletResponse;)V+546
j  org.apache.camel.http.common.CamelServlet.service(Ljavax/servlet/http/HttpServletRequest;Ljavax/servlet/http/HttpServletResponse;)V+33
j  javax.servlet.http.HttpServlet.service(Ljavax/servlet/ServletRequest;Ljavax/servlet/ServletResponse;)V+39
j  io.undertow.servlet.handlers.ServletHandler.handleRequest(Lio/undertow/server/HttpServerExchange;)V+143
j  io.undertow.servlet.handlers.FilterHandler$FilterChainImpl.doFilter(Ljavax/servlet/ServletRequest;Ljavax/servlet/ServletResponse;)V+124
j  org.springframework.boot.web.filter.ApplicationContextHeaderFilter.doFilterInternal(Ljavax/servlet/http/HttpServletRequest;Ljavax/servlet/http/HttpServletResponse;Ljavax/servlet/FilterChain;)V+20
j  org.springframework.web.filter.OncePerRequestFilter.doFilter(Ljavax/servlet/ServletRequest;Ljavax/servlet/ServletResponse;Ljavax/servlet/FilterChain;)V+111
j  io.undertow.servlet.core.ManagedFilter.doFilter(Ljavax/servlet/ServletRequest;Ljavax/servlet/ServletResponse;Ljavax/servlet/FilterChain;)V+60
j  io.undertow.servlet.handlers.FilterHandler$FilterChainImpl.doFilter(Ljavax/servlet/ServletRequest;Ljavax/servlet/ServletResponse;)V+149
j  org.springframework.web.filter.CorsFilter.doFilterInternal(Ljavax/servlet/http/HttpServletRequest;Ljavax/servlet/http/HttpServletResponse;Ljavax/servlet/FilterChain;)V+55
j  org.springframework.web.filter.OncePerRequestFilter.doFilter(Ljavax/servlet/ServletRequest;Ljavax/servlet/ServletResponse;Ljavax/servlet/FilterChain;)V+111
j  io.undertow.servlet.core.ManagedFilter.doFilter(Ljavax/servlet/ServletRequest;Ljavax/servlet/ServletResponse;Ljavax/servlet/FilterChain;)V+60
j  io.undertow.servlet.handlers.FilterHandler$FilterChainImpl.doFilter(Ljavax/servlet/ServletRequest;Ljavax/servlet/ServletResponse;)V+149
j  org.springframework.boot.actuate.trace.WebRequestTraceFilter.doFilterInternal(Ljavax/servlet/http/HttpServletRequest;Ljavax/servlet/http/HttpServletResponse;Ljavax/servlet/FilterChain;)V+30
j  org.springframework.web.filter.OncePerRequestFilter.doFilter(Ljavax/servlet/ServletRequest;Ljavax/servlet/ServletResponse;Ljavax/servlet/FilterChain;)V+111
j  io.undertow.servlet.core.ManagedFilter.doFilter(Ljavax/servlet/ServletRequest;Ljavax/servlet/ServletResponse;Ljavax/servlet/FilterChain;)V+60
j  io.undertow.servlet.handlers.FilterHandler$FilterChainImpl.doFilter(Ljavax/servlet/ServletRequest;Ljavax/servlet/ServletResponse;)V+149
j  org.springframework.web.filter.RequestContextFilter.doFilterInternal(Ljavax/servlet/http/HttpServletRequest;Ljavax/servlet/http/HttpServletResponse;Ljavax/servlet/FilterChain;)V+21
j  org.springframework.web.filter.OncePerRequestFilter.doFilter(Ljavax/servlet/ServletRequest;Ljavax/servlet/ServletResponse;Ljavax/servlet/FilterChain;)V+111
j  io.undertow.servlet.core.ManagedFilter.doFilter(Ljavax/servlet/ServletRequest;Ljavax/servlet/ServletResponse;Ljavax/servlet/FilterChain;)V+60
j  io.undertow.servlet.handlers.FilterHandler$FilterChainImpl.doFilter(Ljavax/servlet/ServletRequest;Ljavax/servlet/ServletResponse;)V+149
j  org.springframework.web.filter.HttpPutFormContentFilter.doFilterInternal(Ljavax/servlet/http/HttpServletRequest;Ljavax/servlet/http/HttpServletResponse;Ljavax/servlet/FilterChain;)V+95
j  org.springframework.web.filter.OncePerRequestFilter.doFilter(Ljavax/servlet/ServletRequest;Ljavax/servlet/ServletResponse;Ljavax/servlet/FilterChain;)V+111
j  io.undertow.servlet.core.ManagedFilter.doFilter(Ljavax/servlet/ServletRequest;Ljavax/servlet/ServletResponse;Ljavax/servlet/FilterChain;)V+60
j  io.undertow.servlet.handlers.FilterHandler$FilterChainImpl.doFilter(Ljavax/servlet/ServletRequest;Ljavax/servlet/ServletResponse;)V+149
j  org.springframework.web.filter.HiddenHttpMethodFilter.doFilterInternal(Ljavax/servlet/http/HttpServletRequest;Ljavax/servlet/http/HttpServletResponse;Ljavax/servlet/FilterChain;)V+64
j  org.springframework.web.filter.OncePerRequestFilter.doFilter(Ljavax/servlet/ServletRequest;Ljavax/servlet/ServletResponse;Ljavax/servlet/FilterChain;)V+111
j  io.undertow.servlet.core.ManagedFilter.doFilter(Ljavax/servlet/ServletRequest;Ljavax/servlet/ServletResponse;Ljavax/servlet/FilterChain;)V+60
j  io.undertow.servlet.handlers.FilterHandler$FilterChainImpl.doFilter(Ljavax/servlet/ServletRequest;Ljavax/servlet/ServletResponse;)V+149
j  org.springframework.web.filter.CharacterEncodingFilter.doFilterInternal(Ljavax/servlet/http/HttpServletRequest;Ljavax/servlet/http/HttpServletResponse;Ljavax/servlet/FilterChain;)V+53
j  org.springframework.web.filter.OncePerRequestFilter.doFilter(Ljavax/servlet/ServletRequest;Ljavax/servlet/ServletResponse;Ljavax/servlet/FilterChain;)V+111
j  io.undertow.servlet.core.ManagedFilter.doFilter(Ljavax/servlet/ServletRequest;Ljavax/servlet/ServletResponse;Ljavax/servlet/FilterChain;)V+60
j  io.undertow.servlet.handlers.FilterHandler$FilterChainImpl.doFilter(Ljavax/servlet/ServletRequest;Ljavax/servlet/ServletResponse;)V+149
j  org.springframework.boot.actuate.autoconfigure.MetricsFilter.doFilterInternal(Ljavax/servlet/http/HttpServletRequest;Ljavax/servlet/http/HttpServletResponse;Ljavax/servlet/FilterChain;)V+31
j  org.springframework.web.filter.OncePerRequestFilter.doFilter(Ljavax/servlet/ServletRequest;Ljavax/servlet/ServletResponse;Ljavax/servlet/FilterChain;)V+111
j  io.undertow.servlet.core.ManagedFilter.doFilter(Ljavax/servlet/ServletRequest;Ljavax/servlet/ServletResponse;Ljavax/servlet/FilterChain;)V+60
j  io.undertow.servlet.handlers.FilterHandler$FilterChainImpl.doFilter(Ljavax/servlet/ServletRequest;Ljavax/servlet/ServletResponse;)V+149
j  io.undertow.servlet.handlers.FilterHandler.handleRequest(Lio/undertow/server/HttpServerExchange;)V+122
j  io.undertow.servlet.handlers.security.ServletSecurityRoleHandler.handleRequest(Lio/undertow/server/HttpServerExchange;)V+104
j  io.undertow.servlet.handlers.ServletChain$1.handleRequest(Lio/undertow/server/HttpServerExchange;)V+57
j  io.undertow.servlet.handlers.ServletDispatchingHandler.handleRequest(Lio/undertow/server/HttpServerExchange;)V+19
j  io.undertow.servlet.handlers.security.SSLInformationAssociationHandler.handleRequest(Lio/undertow/server/HttpServerExchange;)V+101
j  io.undertow.servlet.handlers.security.ServletAuthenticationCallHandler.handleRequest(Lio/undertow/server/HttpServerExchange;)V+40
j  io.undertow.server.handlers.PredicateHandler.handleRequest(Lio/undertow/server/HttpServerExchange;)V+27
j  io.undertow.security.handlers.AbstractConfidentialityHandler.handleRequest(Lio/undertow/server/HttpServerExchange;)V+21
j  io.undertow.servlet.handlers.security.ServletConfidentialityConstraintHandler.handleRequest(Lio/undertow/server/HttpServerExchange;)V+99
j  io.undertow.security.handlers.AuthenticationMechanismsHandler.handleRequest(Lio/undertow/server/HttpServerExchange;)V+58
j  io.undertow.servlet.handlers.security.CachedAuthenticatedSessionHandler.handleRequest(Lio/undertow/server/HttpServerExchange;)V+51
j  io.undertow.security.handlers.AbstractSecurityContextAssociationHandler.handleRequest(Lio/undertow/server/HttpServerExchange;)V+14
j  io.undertow.server.handlers.PredicateHandler.handleRequest(Lio/undertow/server/HttpServerExchange;)V+27
j  io.undertow.server.handlers.PredicateHandler.handleRequest(Lio/undertow/server/HttpServerExchange;)V+27
j  io.undertow.servlet.handlers.ServletInitialHandler.handleFirstRequest(Lio/undertow/server/HttpServerExchange;Lio/undertow/servlet/handlers/ServletRequestContext;)V+108
j  io.undertow.servlet.handlers.ServletInitialHandler.access$100(Lio/undertow/servlet/handlers/ServletInitialHandler;Lio/undertow/server/HttpServerExchange;Lio/undertow/servlet/handlers/ServletRequestContext;)V+3
j  io.undertow.servlet.handlers.ServletInitialHandler$2.call(Lio/undertow/server/HttpServerExchange;Lio/undertow/servlet/handlers/ServletRequestContext;)Ljava/lang/Object;+6
j  io.undertow.servlet.handlers.ServletInitialHandler$2.call(Lio/undertow/server/HttpServerExchange;Ljava/lang/Object;)Ljava/lang/Object;+6
j  io.undertow.servlet.core.ServletRequestContextThreadSetupAction$1.call(Lio/undertow/server/HttpServerExchange;Ljava/lang/Object;)Ljava/lang/Object;+42
j  io.undertow.servlet.core.ContextClassLoaderSetupAction$1.call(Lio/undertow/server/HttpServerExchange;Ljava/lang/Object;)Ljava/lang/Object;+20
j  io.undertow.servlet.handlers.ServletInitialHandler.dispatchRequest(Lio/undertow/server/HttpServerExchange;Lio/undertow/servlet/handlers/ServletRequestContext;Lio/undertow/servlet/handlers/ServletChain;Ljavax/servlet/DispatcherType;)V+33
j  io.undertow.servlet.handlers.ServletInitialHandler.access$000(Lio/undertow/servlet/handlers/ServletInitialHandler;Lio/undertow/server/HttpServerExchange;Lio/undertow/servlet/handlers/ServletRequestContext;Lio/undertow/servlet/handlers/ServletChain;Ljavax/servlet/DispatcherType;)V+6
j  io.undertow.servlet.handlers.ServletInitialHandler$1.handleRequest(Lio/undertow/server/HttpServerExchange;)V+33
j  io.undertow.server.Connectors.executeRootHandler(Lio/undertow/server/HttpHandler;Lio/undertow/server/HttpServerExchange;)V+8
j  io.undertow.server.HttpServerExchange$1.run()V+8
j  java.util.concurrent.ThreadPoolExecutor.runWorker(Ljava/util/concurrent/ThreadPoolExecutor$Worker;)V+95
j  java.util.concurrent.ThreadPoolExecutor$Worker.run()V+5
j  java.lang.Thread.run()V+11
v  ~StubRoutines::call_stub

---------------  P R O C E S S  ---------------

Java Threads: ( => current thread )
=>0x00007fd102e59800 JavaThread "XNIO-3 task-4" [_thread_in_native, id=40707, stack(0x0000700010a1c000,0x0000700010b1c000)]
  0x00007fd0fdaa7800 JavaThread "XNIO-3 task-3" [_thread_blocked, id=15883, stack(0x000070000fcf5000,0x000070000fdf5000)]
  0x00007fd10220f000 JavaThread "XNIO-3 task-2" [_thread_blocked, id=23811, stack(0x0000700010919000,0x0000700010a19000)]
  0x00007fd0fe48e800 JavaThread "XNIO-3 task-1" [_thread_blocked, id=41219, stack(0x0000700010816000,0x0000700010916000)]
  0x00007fd0fe536000 JavaThread "DestroyJavaVM" [_thread_blocked, id=5891, stack(0x000070000ebc2000,0x000070000ecc2000)]
  0x00007fd1010ae800 JavaThread "XNIO-3 Accept" [_thread_in_native, id=23555, stack(0x0000700010713000,0x0000700010813000)]
  0x00007fd0fddf6800 JavaThread "XNIO-3 I/O-4" [_thread_in_native, id=41987, stack(0x0000700010610000,0x0000700010710000)]
  0x00007fd0feb49800 JavaThread "XNIO-3 I/O-3" [_thread_in_native, id=23043, stack(0x000070001050d000,0x000070001060d000)]
  0x00007fd0fddf5800 JavaThread "XNIO-3 I/O-2" [_thread_in_native, id=42243, stack(0x000070001040a000,0x000070001050a000)]
  0x00007fd0fdd41000 JavaThread "XNIO-3 I/O-1" [_thread_in_native, id=42755, stack(0x0000700010307000,0x0000700010407000)]
  0x00007fd100127000 JavaThread "XNIO-2 Accept" [_thread_in_native, id=43267, stack(0x0000700010204000,0x0000700010304000)]
  0x00007fd10133d800 JavaThread "XNIO-2 I/O-4" [_thread_in_native, id=22275, stack(0x0000700010101000,0x0000700010201000)]
  0x00007fd0fda93000 JavaThread "XNIO-2 I/O-3" [_thread_in_native, id=21763, stack(0x000070000fffe000,0x00007000100fe000)]
  0x00007fd0fd2c2800 JavaThread "XNIO-2 I/O-2" [_thread_in_native, id=4367, stack(0x000070000fefb000,0x000070000fffb000)]
  0x00007fd0ffdcf800 JavaThread "XNIO-2 I/O-1" [_thread_in_native, id=3087, stack(0x000070000fdf8000,0x000070000fef8000)]
  0x00007fd100214000 JavaThread "XNIO-1 Accept" daemon [_thread_in_native, id=16387, stack(0x000070000fbf2000,0x000070000fcf2000)]
  0x00007fd0ffa30800 JavaThread "XNIO-1 I/O-1" daemon [_thread_in_native, id=16907, stack(0x000070000faef000,0x000070000fbef000)]
  0x00007fd0fe05b000 JavaThread "Service Thread" daemon [_thread_blocked, id=14339, stack(0x000070000f8e9000,0x000070000f9e9000)]
  0x00007fd0fda2a000 JavaThread "C1 CompilerThread2" daemon [_thread_blocked, id=14083, stack(0x000070000f7e6000,0x000070000f8e6000)]
  0x00007fd0fda27000 JavaThread "C2 CompilerThread1" daemon [_thread_blocked, id=17923, stack(0x000070000f6e3000,0x000070000f7e3000)]
  0x00007fd0fe3b4000 JavaThread "C2 CompilerThread0" daemon [_thread_blocked, id=13571, stack(0x000070000f5e0000,0x000070000f6e0000)]
  0x00007fd0fe3b7000 JavaThread "Monitor Ctrl-Break" daemon [_thread_in_native, id=13059, stack(0x000070000f4dd000,0x000070000f5dd000)]
  0x00007fd0fe00c800 JavaThread "Signal Dispatcher" daemon [_thread_blocked, id=18435, stack(0x000070000f3da000,0x000070000f4da000)]
  0x00007fd0fe80c800 JavaThread "Finalizer" daemon [_thread_blocked, id=20483, stack(0x000070000f2d7000,0x000070000f3d7000)]
  0x00007fd0fd80e800 JavaThread "Reference Handler" daemon [_thread_blocked, id=20995, stack(0x000070000f1d4000,0x000070000f2d4000)]

Other Threads:
  0x00007fd0fd014000 VMThread [stack: 0x000070000f0d1000,0x000070000f1d1000] [id=21507]
  0x00007fd0fea10800 WatcherThread [stack: 0x000070000f9ec000,0x000070000faec000] [id=14595]

VM state:not at safepoint (normal execution)

VM Mutex/Monitor currently owned by a thread: None

Heap:
 PSYoungGen      total 590848K, used 154529K [0x000000076ab00000, 0x0000000797f00000, 0x00000007c0000000)
  eden space 568832K, 27% used [0x000000076ab00000,0x00000007741e86b0,0x000000078d680000)
  from space 22016K, 0% used [0x000000078d680000,0x000000078d680000,0x000000078ec00000)
  to   space 21504K, 0% used [0x0000000796a00000,0x0000000796a00000,0x0000000797f00000)
 ParOldGen       total 206336K, used 35150K [0x00000006c0000000, 0x00000006cc980000, 0x000000076ab00000)
  object space 206336K, 17% used [0x00000006c0000000,0x00000006c2253a48,0x00000006cc980000)
 Metaspace       used 65171K, capacity 66040K, committed 66392K, reserved 1107968K
  class space    used 8466K, capacity 8712K, committed 8792K, reserved 1048576K

Card table byte_map: [0x000000010436e000,0x0000000104b6f000] byte_map_base: 0x0000000100d6e000

Marking Bits: (ParMarkBitMap*) 0x00000001038f76e0
 Begin Bits: [0x00000001050c5000, 0x00000001090c5000)
 End Bits:   [0x00000001090c5000, 0x000000010d0c5000)

Polling page: 0x0000000102753000

CodeCache: size=245760Kb used=19430Kb max_used=19457Kb free=226329Kb
 bounds [0x0000000110882000, 0x0000000111ba2000, 0x000000011f882000]
 total_blobs=6275 nmethods=5741 adapters=447
 compilation: enabled

Compilation events (10 events):
Event: 287.857 Thread 0x00007fd0fda2a000 nmethod 6564 0x0000000111b50050 code [0x0000000111b501c0, 0x0000000111b50468]
Event: 287.857 Thread 0x00007fd0fda2a000 6565       3       io.undertow.servlet.spec.HttpServletRequestImpl::getAttribute (20 bytes)
Event: 287.857 Thread 0x00007fd0fda2a000 nmethod 6565 0x0000000111b4fb90 code [0x0000000111b4fd00, 0x0000000111b4ff68]
Event: 287.857 Thread 0x00007fd0fda2a000 6566       3       io.undertow.servlet.util.IteratorEnumeration::<init> (10 bytes)
Event: 287.858 Thread 0x00007fd0fda2a000 nmethod 6566 0x0000000111b4ea10 code [0x0000000111b4eb80, 0x0000000111b4ed50]
Event: 287.858 Thread 0x00007fd0fda2a000 6567       1       io.undertow.servlet.core.DeploymentImpl::getApplicationListeners (5 bytes)
Event: 287.858 Thread 0x00007fd0fda2a000 nmethod 6567 0x0000000111b4e750 code [0x0000000111b4e8a0, 0x0000000111b4e9b0]
Event: 287.858 Thread 0x00007fd0fda2a000 6568       3       sun.misc.Unsafe::getAndAddLong (27 bytes)
Event: 287.859 Thread 0x00007fd0fda27000 6569       4       java.util.TreeMap::getEntry (84 bytes)
Event: 287.859 Thread 0x00007fd0fda2a000 nmethod 6568 0x0000000111b4e2d0 code [0x0000000111b4e440, 0x0000000111b4e650]

GC Heap History (10 events):
Event: 8.535 GC heap before
{Heap before GC invocations=10 (full 1):
 PSYoungGen      total 430080K, used 221167K [0x000000076ab00000, 0x0000000786280000, 0x00000007c0000000)
  eden space 417792K, 49% used [0x000000076ab00000,0x00000007776fecd0,0x0000000784300000)
  from space 12288K, 99% used [0x0000000785680000,0x000000078627d030,0x0000000786280000)
  to   space 15360K, 0% used [0x0000000784480000,0x0000000784480000,0x0000000785380000)
 ParOldGen       total 97280K, used 13374K [0x00000006c0000000, 0x00000006c5f00000, 0x000000076ab00000)
  object space 97280K, 13% used [0x00000006c0000000,0x00000006c0d0f918,0x00000006c5f00000)
 Metaspace       used 34835K, capacity 35164K, committed 35456K, reserved 1079296K
  class space    used 4505K, capacity 4625K, committed 4736K, reserved 1048576K
Event: 8.559 GC heap after
Heap after GC invocations=10 (full 1):
 PSYoungGen      total 434688K, used 15348K [0x000000076ab00000, 0x0000000790180000, 0x00000007c0000000)
  eden space 419328K, 0% used [0x000000076ab00000,0x000000076ab00000,0x0000000784480000)
  from space 15360K, 99% used [0x0000000784480000,0x000000078537d030,0x0000000785380000)
  to   space 18432K, 0% used [0x000000078ef80000,0x000000078ef80000,0x0000000790180000)
 ParOldGen       total 97280K, used 16613K [0x00000006c0000000, 0x00000006c5f00000, 0x000000076ab00000)
  object space 97280K, 17% used [0x00000006c0000000,0x00000006c1039418,0x00000006c5f00000)
 Metaspace       used 34835K, capacity 35164K, committed 35456K, reserved 1079296K
  class space    used 4505K, capacity 4625K, committed 4736K, reserved 1048576K
}
Event: 8.559 GC heap before
{Heap before GC invocations=11 (full 2):
 PSYoungGen      total 434688K, used 15348K [0x000000076ab00000, 0x0000000790180000, 0x00000007c0000000)
  eden space 419328K, 0% used [0x000000076ab00000,0x000000076ab00000,0x0000000784480000)
  from space 15360K, 99% used [0x0000000784480000,0x000000078537d030,0x0000000785380000)
  to   space 18432K, 0% used [0x000000078ef80000,0x000000078ef80000,0x0000000790180000)
 ParOldGen       total 97280K, used 16613K [0x00000006c0000000, 0x00000006c5f00000, 0x000000076ab00000)
  object space 97280K, 17% used [0x00000006c0000000,0x00000006c1039418,0x00000006c5f00000)
 Metaspace       used 34835K, capacity 35164K, committed 35456K, reserved 1079296K
  class space    used 4505K, capacity 4625K, committed 4736K, reserved 1048576K
Event: 8.660 GC heap after
Heap after GC invocations=11 (full 2):
 PSYoungGen      total 434688K, used 0K [0x000000076ab00000, 0x0000000790180000, 0x00000007c0000000)
  eden space 419328K, 0% used [0x000000076ab00000,0x000000076ab00000,0x0000000784480000)
  from space 15360K, 0% used [0x0000000784480000,0x0000000784480000,0x0000000785380000)
  to   space 18432K, 0% used [0x000000078ef80000,0x000000078ef80000,0x0000000790180000)
 ParOldGen       total 158208K, used 26733K [0x00000006c0000000, 0x00000006c9a80000, 0x000000076ab00000)
  object space 158208K, 16% used [0x00000006c0000000,0x00000006c1a1b708,0x00000006c9a80000)
 Metaspace       used 34835K, capacity 35164K, committed 35456K, reserved 1079296K
  class space    used 4505K, capacity 4625K, committed 4736K, reserved 1048576K
}
Event: 23.457 GC heap before
{Heap before GC invocations=12 (full 2):
 PSYoungGen      total 434688K, used 419328K [0x000000076ab00000, 0x0000000790180000, 0x00000007c0000000)
  eden space 419328K, 100% used [0x000000076ab00000,0x0000000784480000,0x0000000784480000)
  from space 15360K, 0% used [0x0000000784480000,0x0000000784480000,0x0000000785380000)
  to   space 18432K, 0% used [0x000000078ef80000,0x000000078ef80000,0x0000000790180000)
 ParOldGen       total 158208K, used 26733K [0x00000006c0000000, 0x00000006c9a80000, 0x000000076ab00000)
  object space 158208K, 16% used [0x00000006c0000000,0x00000006c1a1b708,0x00000006c9a80000)
 Metaspace       used 52214K, capacity 52904K, committed 53248K, reserved 1095680K
  class space    used 6875K, capacity 7051K, committed 7168K, reserved 1048576K
Event: 23.489 GC heap after
Heap after GC invocations=12 (full 2):
 PSYoungGen      total 557056K, used 18417K [0x000000076ab00000, 0x0000000790180000, 0x00000007c0000000)
  eden space 538624K, 0% used [0x000000076ab00000,0x000000076ab00000,0x000000078b900000)
  from space 18432K, 99% used [0x000000078ef80000,0x000000079017c710,0x0000000790180000)
  to   space 22016K, 0% used [0x000000078d680000,0x000000078d680000,0x000000078ec00000)
 ParOldGen       total 158208K, used 29143K [0x00000006c0000000, 0x00000006c9a80000, 0x000000076ab00000)
  object space 158208K, 18% used [0x00000006c0000000,0x00000006c1c75e98,0x00000006c9a80000)
 Metaspace       used 52214K, capacity 52904K, committed 53248K, reserved 1095680K
  class space    used 6875K, capacity 7051K, committed 7168K, reserved 1048576K
}
Event: 24.935 GC heap before
{Heap before GC invocations=13 (full 2):
 PSYoungGen      total 557056K, used 186029K [0x000000076ab00000, 0x0000000790180000, 0x00000007c0000000)
  eden space 538624K, 31% used [0x000000076ab00000,0x0000000774eaed18,0x000000078b900000)
  from space 18432K, 99% used [0x000000078ef80000,0x000000079017c710,0x0000000790180000)
  to   space 22016K, 0% used [0x000000078d680000,0x000000078d680000,0x000000078ec00000)
 ParOldGen       total 158208K, used 29143K [0x00000006c0000000, 0x00000006c9a80000, 0x000000076ab00000)
  object space 158208K, 18% used [0x00000006c0000000,0x00000006c1c75e98,0x00000006c9a80000)
 Metaspace       used 58173K, capacity 58880K, committed 59096K, reserved 1099776K
  class space    used 7634K, capacity 7833K, committed 7896K, reserved 1048576K
Event: 24.963 GC heap after
Heap after GC invocations=13 (full 2):
 PSYoungGen      total 590848K, used 13610K [0x000000076ab00000, 0x0000000797f00000, 0x00000007c0000000)
  eden space 568832K, 0% used [0x000000076ab00000,0x000000076ab00000,0x000000078d680000)
  from space 22016K, 61% used [0x000000078d680000,0x000000078e3ca830,0x000000078ec00000)
  to   space 21504K, 0% used [0x0000000796a00000,0x0000000796a00000,0x0000000797f00000)
 ParOldGen       total 158208K, used 36860K [0x00000006c0000000, 0x00000006c9a80000, 0x000000076ab00000)
  object space 158208K, 23% used [0x00000006c0000000,0x00000006c23ff160,0x00000006c9a80000)
 Metaspace       used 58173K, capacity 58880K, committed 59096K, reserved 1099776K
  class space    used 7634K, capacity 7833K, committed 7896K, reserved 1048576K
}
Event: 24.963 GC heap before
{Heap before GC invocations=14 (full 3):
 PSYoungGen      total 590848K, used 13610K [0x000000076ab00000, 0x0000000797f00000, 0x00000007c0000000)
  eden space 568832K, 0% used [0x000000076ab00000,0x000000076ab00000,0x000000078d680000)
  from space 22016K, 61% used [0x000000078d680000,0x000000078e3ca830,0x000000078ec00000)
  to   space 21504K, 0% used [0x0000000796a00000,0x0000000796a00000,0x0000000797f00000)
 ParOldGen       total 158208K, used 36860K [0x00000006c0000000, 0x00000006c9a80000, 0x000000076ab00000)
  object space 158208K, 23% used [0x00000006c0000000,0x00000006c23ff160,0x00000006c9a80000)
 Metaspace       used 58173K, capacity 58880K, committed 59096K, reserved 1099776K
  class space    used 7634K, capacity 7833K, committed 7896K, reserved 1048576K
Event: 25.121 GC heap after
Heap after GC invocations=14 (full 3):
 PSYoungGen      total 590848K, used 0K [0x000000076ab00000, 0x0000000797f00000, 0x00000007c0000000)
  eden space 568832K, 0% used [0x000000076ab00000,0x000000076ab00000,0x000000078d680000)
  from space 22016K, 0% used [0x000000078d680000,0x000000078d680000,0x000000078ec00000)
  to   space 21504K, 0% used [0x0000000796a00000,0x0000000796a00000,0x0000000797f00000)
 ParOldGen       total 206336K, used 35150K [0x00000006c0000000, 0x00000006cc980000, 0x000000076ab00000)
  object space 206336K, 17% used [0x00000006c0000000,0x00000006c2253a48,0x00000006cc980000)
 Metaspace       used 58173K, capacity 58880K, committed 59096K, reserved 1099776K
  class space    used 7634K, capacity 7833K, committed 7896K, reserved 1048576K
}

Deoptimization events (10 events):
Event: 24.449 Thread 0x00007fd0fdaa7800 Uncommon trap: reason=unstable_if action=reinterpret pc=0x00000001113534ec method=sun.nio.cs.UTF_8$Decoder.decodeArrayLoop(Ljava/nio/ByteBuffer;Ljava/nio/CharBuffer;)Ljava/nio/charset/CoderResult; @ 84
Event: 24.478 Thread 0x00007fd0fdaa7800 Uncommon trap: reason=unstable_if action=reinterpret pc=0x0000000110a64e9c method=sun.nio.cs.UTF_8$Decoder.decode([BII[C)I @ 30
Event: 24.614 Thread 0x00007fd0fdaa7800 Uncommon trap: reason=unstable_if action=reinterpret pc=0x0000000110bd9b10 method=java.util.HashMap.getNode(ILjava/lang/Object;)Ljava/util/HashMap$Node; @ 53
Event: 24.614 Thread 0x00007fd0fdaa7800 Uncommon trap: reason=unstable_if action=reinterpret pc=0x0000000110cd306c method=java.util.HashMap.getNode(ILjava/lang/Object;)Ljava/util/HashMap$Node; @ 53
Event: 24.678 Thread 0x00007fd0fdaa7800 Uncommon trap: reason=unstable_if action=reinterpret pc=0x00000001114ea898 method=sun.misc.URLClassPath.getLoader(I)Lsun/misc/URLClassPath$Loader; @ 36
Event: 24.927 Thread 0x00007fd0fdaa7800 Uncommon trap: reason=unstable_if action=reinterpret pc=0x00000001119a1354 method=com.sun.org.apache.xerces.internal.impl.XMLEntityScanner.checkBeforeLoad(Lcom/sun/xml/internal/stream/Entity$ScannedEntity;II)I @ 18
Event: 25.121 Thread 0x00007fd0fd80e800 Uncommon trap: reason=unstable_if action=reinterpret pc=0x000000011108d548 method=java.lang.ref.Reference.tryHandlePending(Z)Z @ 20
Event: 25.368 Thread 0x00007fd0fdaa7800 Uncommon trap: reason=unstable_if action=reinterpret pc=0x00000001119effec method=org.antlr.runtime.ANTLRStringStream.LA(I)I @ 38
Event: 25.749 Thread 0x00007fd0fdaa7800 Uncommon trap: reason=bimorphic action=maybe_recompile pc=0x000000011185e6f8 method=java.lang.ClassLoader.loadClass(Ljava/lang/String;Z)Ljava/lang/Class; @ 38
Event: 25.753 Thread 0x00007fd0fdaa7800 Uncommon trap: reason=bimorphic action=maybe_recompile pc=0x000000011185e6f8 method=java.lang.ClassLoader.loadClass(Ljava/lang/String;Z)Ljava/lang/Class; @ 38

Classes redefined (0 events):
No events

Internal exceptions (10 events):
Event: 24.906 Thread 0x00007fd0fdaa7800 Exception <a 'java/lang/NoSuchMethodError': java.lang.Object.lambda$static$8(Lorg/drools/compiler/builder/impl/KnowledgeBuilderImpl;Lorg/drools/compiler/builder/impl/CompositeKnowledgeBuilderImpl$ResourceDescr;)V> (0x0000000774880740) thrown at [/Users/ja
Event: 24.907 Thread 0x00007fd0fdaa7800 Exception <a 'java/lang/NoSuchMethodError': java.lang.Object.lambda$static$0(Lorg/drools/compiler/builder/impl/KnowledgeBuilderImpl;Lorg/drools/compiler/builder/impl/CompositeKnowledgeBuilderImpl$ResourceDescr;)Lorg/drools/compiler/lang/descr/PackageDescr
Event: 24.907 Thread 0x00007fd0fdaa7800 Exception <a 'java/lang/NoSuchMethodError': java.lang.Object.lambda$static$1(Lorg/drools/compiler/builder/impl/KnowledgeBuilderImpl;Lorg/drools/compiler/builder/impl/CompositeKnowledgeBuilderImpl$ResourceDescr;)Lorg/drools/compiler/lang/descr/PackageDescr
Event: 24.907 Thread 0x00007fd0fdaa7800 Exception <a 'java/lang/NoSuchMethodError': java.lang.Object.lambda$static$2(Lorg/drools/compiler/builder/impl/KnowledgeBuilderImpl;Lorg/drools/compiler/builder/impl/CompositeKnowledgeBuilderImpl$ResourceDescr;)Lorg/drools/compiler/lang/descr/PackageDescr
Event: 24.907 Thread 0x00007fd0fdaa7800 Exception <a 'java/lang/NoSuchMethodError': java.lang.Object.lambda$static$3(Lorg/drools/compiler/builder/impl/KnowledgeBuilderImpl;Lorg/drools/compiler/builder/impl/CompositeKnowledgeBuilderImpl$ResourceDescr;)Lorg/drools/compiler/lang/descr/PackageDescr
Event: 24.908 Thread 0x00007fd0fdaa7800 Exception <a 'java/lang/NoSuchMethodError': java.lang.Object.lambda$static$4(Lorg/drools/compiler/builder/impl/KnowledgeBuilderImpl;Lorg/drools/compiler/builder/impl/CompositeKnowledgeBuilderImpl$ResourceDescr;)Lorg/drools/compiler/lang/descr/PackageDescr
Event: 24.908 Thread 0x00007fd0fdaa7800 Exception <a 'java/lang/NoSuchMethodError': java.lang.Object.lambda$static$5(Lorg/drools/compiler/builder/impl/KnowledgeBuilderImpl;Lorg/drools/compiler/builder/impl/CompositeKnowledgeBuilderImpl$ResourceDescr;)Lorg/drools/compiler/lang/descr/PackageDescr
Event: 26.095 Thread 0x00007fd0fdaa7800 Exception <a 'java/lang/NoSuchMethodError': java.lang.Object.lambda$comparing$77a9974f$1(Ljava/util/function/Function;Ljava/lang/Object;Ljava/lang/Object;)I> (0x000000077172bb80) thrown at [/Users/java_re/workspace/8-2-build-macosx-x86_64/jdk8u171/10807/h
Event: 26.100 Thread 0x00007fd0fdaa7800 Exception <a 'java/lang/NoSuchMethodError': java.lang.Object.lambda$thenComparing$36697e65$1(Ljava/util/Comparator;Ljava/lang/Object;Ljava/lang/Object;)I> (0x000000077173b828) thrown at [/Users/java_re/workspace/8-2-build-macosx-x86_64/jdk8u171/10807/hots
Event: 287.857 Thread 0x00007fd102e59800 Exception <a 'sun/nio/fs/UnixException'> (0x0000000773fb33d8) thrown at [/Users/java_re/workspace/8-2-build-macosx-x86_64/jdk8u171/10807/hotspot/src/share/vm/prims/jni.cpp, line 709]

Events (10 events):
Event: 287.860 Executing VM operation: RevokeBias
Event: 287.860 Executing VM operation: RevokeBias done
Event: 287.860 Executing VM operation: RevokeBias
Event: 287.860 Executing VM operation: RevokeBias done
Event: 287.860 Executing VM operation: RevokeBias
Event: 287.860 Executing VM operation: RevokeBias done
Event: 287.860 Executing VM operation: RevokeBias
Event: 287.860 Executing VM operation: RevokeBias done
Event: 287.861 Executing VM operation: RevokeBias
Event: 287.861 Executing VM operation: RevokeBias done


Dynamic libraries:
0x0000000008d91000 	/System/Library/Frameworks/Cocoa.framework/Versions/A/Cocoa
0x0000000008d91000 	/System/Library/Frameworks/Security.framework/Versions/A/Security
0x0000000008d91000 	/System/Library/Frameworks/ApplicationServices.framework/Versions/A/ApplicationServices
0x0000000008d91000 	/usr/lib/libz.1.dylib
0x0000000008d91000 	/usr/lib/libSystem.B.dylib
0x0000000008d91000 	/usr/lib/libobjc.A.dylib
0x0000000008d91000 	/System/Library/Frameworks/CoreFoundation.framework/Versions/A/CoreFoundation
0x0000000008d91000 	/System/Library/Frameworks/Foundation.framework/Versions/C/Foundation
0x0000000008d91000 	/System/Library/Frameworks/AppKit.framework/Versions/C/AppKit
0x0000000008d91000 	/System/Library/Frameworks/CoreData.framework/Versions/A/CoreData
0x0000000008d91000 	/System/Library/PrivateFrameworks/RemoteViewServices.framework/Versions/A/RemoteViewServices
0x0000000008d91000 	/System/Library/PrivateFrameworks/UIFoundation.framework/Versions/A/UIFoundation
0x0000000008d91000 	/System/Library/PrivateFrameworks/DFRFoundation.framework/Versions/A/DFRFoundation
0x0000000008d91000 	/System/Library/Frameworks/Metal.framework/Versions/A/Metal
0x0000000008d91000 	/System/Library/PrivateFrameworks/DesktopServicesPriv.framework/Versions/A/DesktopServicesPriv
0x0000000008d91000 	/usr/lib/libenergytrace.dylib
0x0000000008d91000 	/System/Library/PrivateFrameworks/SkyLight.framework/Versions/A/SkyLight
0x0000000008d91000 	/System/Library/Frameworks/CoreGraphics.framework/Versions/A/CoreGraphics
0x0000000008d91000 	/usr/lib/libScreenReader.dylib
0x0000000008d91000 	/System/Library/Frameworks/Accelerate.framework/Versions/A/Accelerate
0x0000000008d91000 	/System/Library/Frameworks/IOSurface.framework/Versions/A/IOSurface
0x0000000008d91000 	/System/Library/Frameworks/AudioToolbox.framework/Versions/A/AudioToolbox
0x0000000008d91000 	/System/Library/Frameworks/AudioUnit.framework/Versions/A/AudioUnit
0x0000000008d91000 	/System/Library/PrivateFrameworks/DataDetectorsCore.framework/Versions/A/DataDetectorsCore
0x0000000008d91000 	/System/Library/Frameworks/Carbon.framework/Versions/A/Frameworks/HIToolbox.framework/Versions/A/HIToolbox
0x0000000008d91000 	/usr/lib/libicucore.A.dylib
0x0000000008d91000 	/System/Library/Frameworks/QuartzCore.framework/Versions/A/QuartzCore
0x0000000008d91000 	/System/Library/PrivateFrameworks/SignpostNotification.framework/Versions/A/SignpostNotification
0x0000000008d91000 	/System/Library/Frameworks/Carbon.framework/Versions/A/Frameworks/SpeechRecognition.framework/Versions/A/SpeechRecognition
0x0000000008d91000 	/usr/lib/libauto.dylib
0x0000000008d91000 	/usr/lib/libxml2.2.dylib
0x0000000008d91000 	/System/Library/PrivateFrameworks/CoreUI.framework/Versions/A/CoreUI
0x0000000008d91000 	/System/Library/Frameworks/CoreAudio.framework/Versions/A/CoreAudio
0x0000000008d91000 	/System/Library/Frameworks/DiskArbitration.framework/Versions/A/DiskArbitration
0x0000000008d91000 	/usr/lib/liblangid.dylib
0x0000000008d91000 	/System/Library/PrivateFrameworks/MultitouchSupport.framework/Versions/A/MultitouchSupport
0x0000000008d91000 	/System/Library/Frameworks/IOKit.framework/Versions/A/IOKit
0x0000000008d91000 	/usr/lib/libDiagnosticMessagesClient.dylib
0x0000000008d91000 	/System/Library/Frameworks/CoreServices.framework/Versions/A/CoreServices
0x0000000008d91000 	/System/Library/PrivateFrameworks/PerformanceAnalysis.framework/Versions/A/PerformanceAnalysis
0x0000000008d91000 	/System/Library/Frameworks/OpenGL.framework/Versions/A/OpenGL
0x0000000008d91000 	/System/Library/Frameworks/ColorSync.framework/Versions/A/ColorSync
0x0000000008d91000 	/System/Library/Frameworks/CoreImage.framework/Versions/A/CoreImage
0x0000000008d91000 	/System/Library/Frameworks/CoreText.framework/Versions/A/CoreText
0x0000000008d91000 	/System/Library/Frameworks/ImageIO.framework/Versions/A/ImageIO
0x0000000008d91000 	/System/Library/PrivateFrameworks/Backup.framework/Versions/A/Backup
0x0000000008d91000 	/usr/lib/libarchive.2.dylib
0x0000000008d91000 	/System/Library/Frameworks/CFNetwork.framework/Versions/A/CFNetwork
0x0000000008d91000 	/System/Library/Frameworks/SystemConfiguration.framework/Versions/A/SystemConfiguration
0x0000000008d91000 	/usr/lib/libCRFSuite.dylib
0x0000000008d91000 	/usr/lib/libc++.1.dylib
0x0000000008d91000 	/usr/lib/libc++abi.dylib
0x0000000008d91000 	/usr/lib/system/libcache.dylib
0x0000000008d91000 	/usr/lib/system/libcommonCrypto.dylib
0x0000000008d91000 	/usr/lib/system/libcompiler_rt.dylib
0x0000000008d91000 	/usr/lib/system/libcopyfile.dylib
0x0000000008d91000 	/usr/lib/system/libcorecrypto.dylib
0x0000000008d91000 	/usr/lib/system/libdispatch.dylib
0x0000000008d91000 	/usr/lib/system/libdyld.dylib
0x0000000008d91000 	/usr/lib/system/libkeymgr.dylib
0x0000000008d91000 	/usr/lib/system/liblaunch.dylib
0x0000000008d91000 	/usr/lib/system/libmacho.dylib
0x0000000008d91000 	/usr/lib/system/libquarantine.dylib
0x0000000008d91000 	/usr/lib/system/libremovefile.dylib
0x0000000008d91000 	/usr/lib/system/libsystem_asl.dylib
0x0000000008d91000 	/usr/lib/system/libsystem_blocks.dylib
0x0000000008d91000 	/usr/lib/system/libsystem_c.dylib
0x0000000008d91000 	/usr/lib/system/libsystem_configuration.dylib
0x0000000008d91000 	/usr/lib/system/libsystem_coreservices.dylib
0x0000000008d91000 	/usr/lib/system/libsystem_darwin.dylib
0x0000000008d91000 	/usr/lib/system/libsystem_dnssd.dylib
0x0000000008d91000 	/usr/lib/system/libsystem_info.dylib
0x0000000008d91000 	/usr/lib/system/libsystem_m.dylib
0x0000000008d91000 	/usr/lib/system/libsystem_malloc.dylib
0x0000000008d91000 	/usr/lib/system/libsystem_network.dylib
0x0000000008d91000 	/usr/lib/system/libsystem_networkextension.dylib
0x0000000008d91000 	/usr/lib/system/libsystem_notify.dylib
0x0000000008d91000 	/usr/lib/system/libsystem_sandbox.dylib
0x0000000008d91000 	/usr/lib/system/libsystem_secinit.dylib
0x0000000008d91000 	/usr/lib/system/libsystem_kernel.dylib
0x0000000008d91000 	/usr/lib/system/libsystem_platform.dylib
0x0000000008d91000 	/usr/lib/system/libsystem_pthread.dylib
0x0000000008d91000 	/usr/lib/system/libsystem_symptoms.dylib
0x0000000008d91000 	/usr/lib/system/libsystem_trace.dylib
0x0000000008d91000 	/usr/lib/system/libunwind.dylib
0x0000000008d91000 	/usr/lib/system/libxpc.dylib
0x0000000008d91000 	/usr/lib/closure/libclosured.dylib
0x0000000008d91000 	/usr/lib/libbsm.0.dylib
0x0000000008d91000 	/usr/lib/system/libkxld.dylib
0x0000000008d91000 	/usr/lib/libOpenScriptingUtil.dylib
0x0000000008d91000 	/usr/lib/libcoretls.dylib
0x0000000008d91000 	/usr/lib/libcoretls_cfhelpers.dylib
0x0000000008d91000 	/usr/lib/libpam.2.dylib
0x0000000008d91000 	/usr/lib/libsqlite3.dylib
0x0000000008d91000 	/usr/lib/libxar.1.dylib
0x0000000008d91000 	/usr/lib/libbz2.1.0.dylib
0x0000000008d91000 	/usr/lib/liblzma.5.dylib
0x0000000008d91000 	/usr/lib/libnetwork.dylib
0x0000000008d91000 	/usr/lib/libapple_nghttp2.dylib
0x0000000008d91000 	/usr/lib/libpcap.A.dylib
0x0000000008d91000 	/usr/lib/libboringssl.dylib
0x0000000008d91000 	/usr/lib/libusrtcp.dylib
0x0000000008d91000 	/usr/lib/libapple_crypto.dylib
0x0000000008d91000 	/System/Library/Frameworks/CoreServices.framework/Versions/A/Frameworks/FSEvents.framework/Versions/A/FSEvents
0x0000000008d91000 	/System/Library/Frameworks/CoreServices.framework/Versions/A/Frameworks/CarbonCore.framework/Versions/A/CarbonCore
0x0000000008d91000 	/System/Library/Frameworks/CoreServices.framework/Versions/A/Frameworks/Metadata.framework/Versions/A/Metadata
0x0000000008d91000 	/System/Library/Frameworks/CoreServices.framework/Versions/A/Frameworks/OSServices.framework/Versions/A/OSServices
0x0000000008d91000 	/System/Library/Frameworks/CoreServices.framework/Versions/A/Frameworks/SearchKit.framework/Versions/A/SearchKit
0x0000000008d91000 	/System/Library/Frameworks/CoreServices.framework/Versions/A/Frameworks/AE.framework/Versions/A/AE
0x0000000008d91000 	/System/Library/Frameworks/CoreServices.framework/Versions/A/Frameworks/LaunchServices.framework/Versions/A/LaunchServices
0x0000000008d91000 	/System/Library/Frameworks/CoreServices.framework/Versions/A/Frameworks/DictionaryServices.framework/Versions/A/DictionaryServices
0x0000000008d91000 	/System/Library/Frameworks/CoreServices.framework/Versions/A/Frameworks/SharedFileList.framework/Versions/A/SharedFileList
0x0000000008d91000 	/System/Library/Frameworks/NetFS.framework/Versions/A/NetFS
0x0000000008d91000 	/System/Library/PrivateFrameworks/NetAuth.framework/Versions/A/NetAuth
0x0000000008d91000 	/System/Library/PrivateFrameworks/login.framework/Versions/A/Frameworks/loginsupport.framework/Versions/A/loginsupport
0x0000000008d91000 	/System/Library/PrivateFrameworks/TCC.framework/Versions/A/TCC
0x0000000008d91000 	/usr/lib/libmecabra.dylib
0x0000000008d91000 	/System/Library/Frameworks/ApplicationServices.framework/Versions/A/Frameworks/ATS.framework/Versions/A/ATS
0x0000000008d91000 	/System/Library/Frameworks/ApplicationServices.framework/Versions/A/Frameworks/ColorSyncLegacy.framework/Versions/A/ColorSyncLegacy
0x0000000008d91000 	/System/Library/Frameworks/ApplicationServices.framework/Versions/A/Frameworks/HIServices.framework/Versions/A/HIServices
0x0000000008d91000 	/System/Library/Frameworks/ApplicationServices.framework/Versions/A/Frameworks/LangAnalysis.framework/Versions/A/LangAnalysis
0x0000000008d91000 	/System/Library/Frameworks/ApplicationServices.framework/Versions/A/Frameworks/PrintCore.framework/Versions/A/PrintCore
0x0000000008d91000 	/System/Library/Frameworks/ApplicationServices.framework/Versions/A/Frameworks/QD.framework/Versions/A/QD
0x0000000008d91000 	/System/Library/Frameworks/ApplicationServices.framework/Versions/A/Frameworks/SpeechSynthesis.framework/Versions/A/SpeechSynthesis
0x0000000008d91000 	/System/Library/Frameworks/CoreDisplay.framework/Versions/A/CoreDisplay
0x0000000008d91000 	/System/Library/Frameworks/Accelerate.framework/Versions/A/Frameworks/vImage.framework/Versions/A/vImage
0x0000000008d91000 	/System/Library/Frameworks/Accelerate.framework/Versions/A/Frameworks/vecLib.framework/Versions/A/vecLib
0x0000000008d91000 	/System/Library/Frameworks/Accelerate.framework/Versions/A/Frameworks/vecLib.framework/Versions/A/libvDSP.dylib
0x0000000008d91000 	/System/Library/Frameworks/Accelerate.framework/Versions/A/Frameworks/vecLib.framework/Versions/A/libBNNS.dylib
0x0000000008d91000 	/System/Library/Frameworks/Accelerate.framework/Versions/A/Frameworks/vecLib.framework/Versions/A/libQuadrature.dylib
0x0000000008d91000 	/System/Library/Frameworks/Accelerate.framework/Versions/A/Frameworks/vecLib.framework/Versions/A/libvMisc.dylib
0x0000000008d91000 	/System/Library/Frameworks/Accelerate.framework/Versions/A/Frameworks/vecLib.framework/Versions/A/libLAPACK.dylib
0x0000000008d91000 	/System/Library/Frameworks/Accelerate.framework/Versions/A/Frameworks/vecLib.framework/Versions/A/libBLAS.dylib
0x0000000008d91000 	/System/Library/Frameworks/Accelerate.framework/Versions/A/Frameworks/vecLib.framework/Versions/A/libLinearAlgebra.dylib
0x0000000008d91000 	/System/Library/Frameworks/Accelerate.framework/Versions/A/Frameworks/vecLib.framework/Versions/A/libSparse.dylib
0x0000000008d91000 	/System/Library/Frameworks/Accelerate.framework/Versions/A/Frameworks/vecLib.framework/Versions/A/libSparseBLAS.dylib
0x0000000008d91000 	/System/Library/PrivateFrameworks/GPUWrangler.framework/Versions/A/GPUWrangler
0x0000000008d91000 	/System/Library/PrivateFrameworks/IOAccelerator.framework/Versions/A/IOAccelerator
0x0000000008d91000 	/System/Library/PrivateFrameworks/IOPresentment.framework/Versions/A/IOPresentment
0x0000000008d91000 	/System/Library/PrivateFrameworks/DSExternalDisplay.framework/Versions/A/DSExternalDisplay
0x0000000008d91000 	/System/Library/Frameworks/OpenGL.framework/Versions/A/Libraries/libCoreFSCache.dylib
0x0000000008d91000 	/System/Library/Frameworks/CoreVideo.framework/Versions/A/CoreVideo
0x0000000008d91000 	/System/Library/PrivateFrameworks/GraphVisualizer.framework/Versions/A/GraphVisualizer
0x0000000008d91000 	/System/Library/Frameworks/MetalPerformanceShaders.framework/Versions/A/MetalPerformanceShaders
0x0000000008d91000 	/usr/lib/libFosl_dynamic.dylib
0x0000000008d91000 	/System/Library/PrivateFrameworks/FaceCore.framework/Versions/A/FaceCore
0x0000000008d91000 	/System/Library/Frameworks/OpenCL.framework/Versions/A/OpenCL
0x0000000008d91000 	/usr/lib/libcompression.dylib
0x0000000008d91000 	/System/Library/Frameworks/ApplicationServices.framework/Versions/A/Frameworks/ATS.framework/Versions/A/Resources/libFontParser.dylib
0x0000000008d91000 	/System/Library/Frameworks/ApplicationServices.framework/Versions/A/Frameworks/ATS.framework/Versions/A/Resources/libFontRegistry.dylib
0x0000000008d91000 	/System/Library/Frameworks/ImageIO.framework/Versions/A/Resources/libJPEG.dylib
0x0000000008d91000 	/System/Library/Frameworks/ImageIO.framework/Versions/A/Resources/libTIFF.dylib
0x0000000008d91000 	/System/Library/Frameworks/ImageIO.framework/Versions/A/Resources/libPng.dylib
0x0000000008d91000 	/System/Library/Frameworks/ImageIO.framework/Versions/A/Resources/libGIF.dylib
0x0000000008d91000 	/System/Library/Frameworks/ImageIO.framework/Versions/A/Resources/libJP2.dylib
0x0000000008d91000 	/System/Library/Frameworks/ImageIO.framework/Versions/A/Resources/libRadiance.dylib
0x0000000008d91000 	/System/Library/PrivateFrameworks/AppleJPEG.framework/Versions/A/AppleJPEG
0x0000000008d91000 	/System/Library/Frameworks/MetalPerformanceShaders.framework/Frameworks/MPSCore.framework/Versions/A/MPSCore
0x0000000008d91000 	/System/Library/Frameworks/MetalPerformanceShaders.framework/Frameworks/MPSImage.framework/Versions/A/MPSImage
0x0000000008d91000 	/System/Library/Frameworks/MetalPerformanceShaders.framework/Frameworks/MPSNeuralNetwork.framework/Versions/A/MPSNeuralNetwork
0x0000000008d91000 	/System/Library/Frameworks/MetalPerformanceShaders.framework/Frameworks/MPSMatrix.framework/Versions/A/MPSMatrix
0x0000000008d91000 	/System/Library/PrivateFrameworks/MetalTools.framework/Versions/A/MetalTools
0x0000000008d91000 	/System/Library/Frameworks/OpenGL.framework/Versions/A/Libraries/libGLU.dylib
0x0000000008d91000 	/System/Library/Frameworks/OpenGL.framework/Versions/A/Libraries/libGFXShared.dylib
0x0000000008d91000 	/System/Library/Frameworks/OpenGL.framework/Versions/A/Libraries/libGL.dylib
0x0000000008d91000 	/System/Library/Frameworks/OpenGL.framework/Versions/A/Libraries/libGLImage.dylib
0x0000000008d91000 	/System/Library/Frameworks/OpenGL.framework/Versions/A/Libraries/libCVMSPluginSupport.dylib
0x0000000008d91000 	/System/Library/Frameworks/OpenGL.framework/Versions/A/Libraries/libCoreVMClient.dylib
0x0000000008d91000 	/usr/lib/libcups.2.dylib
0x0000000008d91000 	/System/Library/Frameworks/Kerberos.framework/Versions/A/Kerberos
0x0000000008d91000 	/System/Library/Frameworks/GSS.framework/Versions/A/GSS
0x0000000008d91000 	/usr/lib/libresolv.9.dylib
0x0000000008d91000 	/usr/lib/libiconv.2.dylib
0x0000000008d91000 	/System/Library/PrivateFrameworks/Heimdal.framework/Versions/A/Heimdal
0x0000000008d91000 	/usr/lib/libheimdal-asn1.dylib
0x0000000008d91000 	/System/Library/Frameworks/OpenDirectory.framework/Versions/A/OpenDirectory
0x0000000008d91000 	/System/Library/PrivateFrameworks/CommonAuth.framework/Versions/A/CommonAuth
0x0000000008d91000 	/System/Library/Frameworks/OpenDirectory.framework/Versions/A/Frameworks/CFOpenDirectory.framework/Versions/A/CFOpenDirectory
0x0000000008d91000 	/System/Library/Frameworks/SecurityFoundation.framework/Versions/A/SecurityFoundation
0x0000000008d91000 	/System/Library/PrivateFrameworks/APFS.framework/Versions/A/APFS
0x0000000008d91000 	/usr/lib/libutil.dylib
0x0000000008d91000 	/System/Library/PrivateFrameworks/AppleSauce.framework/Versions/A/AppleSauce
0x0000000008d91000 	/System/Library/PrivateFrameworks/LinguisticData.framework/Versions/A/LinguisticData
0x0000000008d91000 	/usr/lib/libmarisa.dylib
0x0000000008d91000 	/System/Library/PrivateFrameworks/Lexicon.framework/Versions/A/Lexicon
0x0000000008d91000 	/usr/lib/libChineseTokenizer.dylib
0x0000000008d91000 	/usr/lib/libcmph.dylib
0x0000000008d91000 	/System/Library/PrivateFrameworks/LanguageModeling.framework/Versions/A/LanguageModeling
0x0000000008d91000 	/System/Library/PrivateFrameworks/CoreEmoji.framework/Versions/A/CoreEmoji
0x0000000008d91000 	/System/Library/Frameworks/ServiceManagement.framework/Versions/A/ServiceManagement
0x0000000008d91000 	/System/Library/PrivateFrameworks/BackgroundTaskManagement.framework/Versions/A/BackgroundTaskManagement
0x0000000008d91000 	/usr/lib/libxslt.1.dylib
0x0000000008d91000 	/System/Library/Frameworks/Carbon.framework/Versions/A/Frameworks/Ink.framework/Versions/A/Ink
0x0000000008d91000 	/System/Library/PrivateFrameworks/TextureIO.framework/Versions/A/TextureIO
0x0000000008d91000 	/usr/lib/libate.dylib
0x0000000008d91000 	/System/Library/PrivateFrameworks/CrashReporterSupport.framework/Versions/A/CrashReporterSupport
0x0000000008d91000 	/System/Library/PrivateFrameworks/Sharing.framework/Versions/A/Sharing
0x0000000008d91000 	/System/Library/PrivateFrameworks/IconServices.framework/Versions/A/IconServices
0x0000000008d91000 	/System/Library/PrivateFrameworks/AuthKit.framework/Versions/A/AuthKit
0x0000000008d91000 	/System/Library/PrivateFrameworks/Apple80211.framework/Versions/A/Apple80211
0x0000000008d91000 	/System/Library/PrivateFrameworks/CoreUtils.framework/Versions/A/CoreUtils
0x0000000008d91000 	/System/Library/Frameworks/CoreWLAN.framework/Versions/A/CoreWLAN
0x0000000008d91000 	/System/Library/Frameworks/IOBluetooth.framework/Versions/A/IOBluetooth
0x0000000008d91000 	/System/Library/PrivateFrameworks/ProtocolBuffer.framework/Versions/A/ProtocolBuffer
0x0000000008d91000 	/System/Library/PrivateFrameworks/MobileKeyBag.framework/Versions/A/MobileKeyBag
0x0000000008d91000 	/System/Library/PrivateFrameworks/CorePhoneNumbers.framework/Versions/A/CorePhoneNumbers
0x0000000008d91000 	/System/Library/PrivateFrameworks/AppleIDAuthSupport.framework/Versions/A/AppleIDAuthSupport
0x0000000008d91000 	/System/Library/PrivateFrameworks/KeychainCircle.framework/Versions/A/KeychainCircle
0x0000000008d91000 	/System/Library/PrivateFrameworks/CoreWiFi.framework/Versions/A/CoreWiFi
0x0000000008d91000 	/System/Library/Frameworks/CoreBluetooth.framework/Versions/A/CoreBluetooth
0x0000000008d91000 	/System/Library/PrivateFrameworks/DebugSymbols.framework/Versions/A/DebugSymbols
0x0000000008d91000 	/System/Library/PrivateFrameworks/CoreSymbolication.framework/Versions/A/CoreSymbolication
0x0000000008d91000 	/System/Library/PrivateFrameworks/Symbolication.framework/Versions/A/Symbolication
0x0000000008d91000 	/System/Library/PrivateFrameworks/AppleFSCompression.framework/Versions/A/AppleFSCompression
0x0000000008d91000 	/System/Library/PrivateFrameworks/SpeechRecognitionCore.framework/Versions/A/SpeechRecognitionCore
0x0000000103000000 	/Library/Java/JavaVirtualMachines/jdk1.8.0_171.jdk/Contents/Home/jre/lib/server/libjvm.dylib
0x0000000008d91000 	/usr/lib/libstdc++.6.0.9.dylib
0x000000010270f000 	/Library/Java/JavaVirtualMachines/jdk1.8.0_171.jdk/Contents/Home/jre/lib/libverify.dylib
0x000000010271d000 	/Library/Java/JavaVirtualMachines/jdk1.8.0_171.jdk/Contents/Home/jre/lib/libjava.dylib
0x0000000102754000 	/Library/Java/JavaVirtualMachines/jdk1.8.0_171.jdk/Contents/Home/jre/lib/libinstrument.dylib
0x00000001027f2000 	/Library/Java/JavaVirtualMachines/jdk1.8.0_171.jdk/Contents/Home/jre/lib/libzip.dylib
0x000000010fb96000 	/Library/Java/JavaVirtualMachines/jdk1.8.0_171.jdk/Contents/Home/jre/lib/libnet.dylib
0x000000010fff7000 	/Library/Java/JavaVirtualMachines/jdk1.8.0_171.jdk/Contents/Home/jre/lib/libmanagement.dylib
0x000000010fbf5000 	/Library/Java/JavaVirtualMachines/jdk1.8.0_171.jdk/Contents/Home/jre/lib/libnio.dylib

VM Arguments:
jvm_args: -javaagent:/Applications/IntelliJ IDEA CE.app/Contents/lib/idea_rt.jar=59415:/Applications/IntelliJ IDEA CE.app/Contents/bin -Dfile.encoding=UTF-8 
java_command: com.redhat.rest.example.demorest.RecordsDashboard
java_class_path (initial): /Library/Java/JavaVirtualMachines/jdk1.8.0_171.jdk/Contents/Home/jre/lib/charsets.jar:/Library/Java/JavaVirtualMachines/jdk1.8.0_171.jdk/Contents/Home/jre/lib/deploy.jar:/Library/Java/JavaVirtualMachines/jdk1.8.0_171.jdk/Contents/Home/jre/lib/ext/cldrdata.jar:/Library/Java/JavaVirtualMachines/jdk1.8.0_171.jdk/Contents/Home/jre/lib/ext/dnsns.jar:/Library/Java/JavaVirtualMachines/jdk1.8.0_171.jdk/Contents/Home/jre/lib/ext/jaccess.jar:/Library/Java/JavaVirtualMachines/jdk1.8.0_171.jdk/Contents/Home/jre/lib/ext/jfxrt.jar:/Library/Java/JavaVirtualMachines/jdk1.8.0_171.jdk/Contents/Home/jre/lib/ext/localedata.jar:/Library/Java/JavaVirtualMachines/jdk1.8.0_171.jdk/Contents/Home/jre/lib/ext/nashorn.jar:/Library/Java/JavaVirtualMachines/jdk1.8.0_171.jdk/Contents/Home/jre/lib/ext/sunec.jar:/Library/Java/JavaVirtualMachines/jdk1.8.0_171.jdk/Contents/Home/jre/lib/ext/sunjce_provider.jar:/Library/Java/JavaVirtualMachines/jdk1.8.0_171.jdk/Contents/Home/jre/lib/ext/sunpkcs11.jar:/Library/Java/JavaVirtualMachines/jdk1.8.0_171.jdk/Contents/Home/jre/lib/ext/zipfs.jar:/Library/Java/JavaVirtualMachines/jdk1.8.0_171.jdk/Contents/Home/jre/lib/javaws.jar:/Library/Java/JavaVirtualMachines/jdk1.8.0_171.jdk/Contents/Home/jre/lib/jce.jar:/Library/Java/JavaVirtualMachines/jdk1.8.0_171.jdk/Contents/Home/jre/lib/jfr.jar:/Library/Java/JavaVirtualMachines/jdk1.8.0_171.jdk/Contents/Home/jre/lib/jfxswt.jar:/Library/Java/JavaVirtualMachines/jdk1.8.0_171.jdk/Contents/Home/jre/lib/jsse.jar:/Library/Java/JavaVirtualMachines/jdk1.8.0_171.jdk/Contents/Home/jre/lib/management-agent.jar:/Library/Java/JavaVirtualMachines/jdk1.8.0_171.jdk/Contents/Home/jre/lib/plugin.jar:/Library/Java/JavaVirtualMachines/jdk1.8.0_171.jdk/Contents/Home/jre/lib/resources.jar:/Library/Java/JavaVirtualMachines/jdk1.8.0_171.jdk/Contents/Home/jre/lib/rt.jar:/Library/Java/JavaVirtualMachines/jdk1.8.0_171.jdk/Contents/Home/lib/ant-javafx.jar:/Library/Java/JavaVirtualMachines/jdk1.8.0_171.jdk/Contents/Home
Launcher Type: SUN_STANDARD

Environment Variables:
PATH=/usr/local/bin:/usr/bin:/bin:/usr/sbin:/sbin:/usr/local/munki
SHELL=/bin/bash

Signal Handlers:
SIGSEGV: [libjvm.dylib+0x5b512d], sa_mask[0]=11111111011111110111111111111111, sa_flags=SA_ONSTACK|SA_RESTART|SA_SIGINFO
SIGBUS: [libjvm.dylib+0x5b512d], sa_mask[0]=11111111011111110111111111111111, sa_flags=SA_RESTART|SA_SIGINFO
SIGFPE: [libjvm.dylib+0x48aa90], sa_mask[0]=11111111011111110111111111111111, sa_flags=SA_RESTART|SA_SIGINFO
SIGPIPE: [libjvm.dylib+0x48aa90], sa_mask[0]=11111111011111110111111111111111, sa_flags=SA_RESTART|SA_SIGINFO
SIGXFSZ: [libjvm.dylib+0x48aa90], sa_mask[0]=11111111011111110111111111111111, sa_flags=SA_RESTART|SA_SIGINFO
SIGILL: [libjvm.dylib+0x48aa90], sa_mask[0]=11111111011111110111111111111111, sa_flags=SA_RESTART|SA_SIGINFO
SIGUSR1: SIG_DFL, sa_mask[0]=00000000000000000000000000000000, sa_flags=none
SIGUSR2: [libjvm.dylib+0x48a5ae], sa_mask[0]=00100000000000000000000000000000, sa_flags=SA_RESTART|SA_SIGINFO
SIGHUP: [libjvm.dylib+0x488b79], sa_mask[0]=11111111011111110111111111111111, sa_flags=SA_RESTART|SA_SIGINFO
SIGINT: [libjvm.dylib+0x488b79], sa_mask[0]=11111111011111110111111111111111, sa_flags=SA_RESTART|SA_SIGINFO
SIGTERM: [libjvm.dylib+0x488b79], sa_mask[0]=11111111011111110111111111111111, sa_flags=SA_RESTART|SA_SIGINFO
SIGQUIT: [libjvm.dylib+0x488b79], sa_mask[0]=11111111011111110111111111111111, sa_flags=SA_RESTART|SA_SIGINFO


---------------  S Y S T E M  ---------------

OS:Bsduname:Darwin 17.7.0 Darwin Kernel Version 17.7.0: Thu Dec 20 21:47:19 PST 2018; root:xnu-4570.71.22~1/RELEASE_X86_64 x86_64
rlimit: STACK 8192k, CORE 0k, NPROC 1418, NOFILE 10240, AS infinity
load average:4.45 5.12 5.45

CPU:total 4 (initial active 4) (2 cores per cpu, 2 threads per core) family 6 model 142 stepping 9, cmov, cx8, fxsr, mmx, sse, sse2, sse3, ssse3, sse4.1, sse4.2, popcnt, avx, avx2, aes, clmul, erms, rtm, 3dnowpref, lzcnt, ht, tsc, tscinvbit, bmi1, bmi2, adx

Memory: 4k page, physical 16777216k(303736k free)

/proc/meminfo:


vm_info: Java HotSpot(TM) 64-Bit Server VM (25.171-b11) for bsd-amd64 JRE (1.8.0_171-b11), built on Mar 28 2018 12:50:57 by "java_re" with gcc 4.2.1 (Based on Apple Inc. build 5658) (LLVM build 2336.11.00)

time: Thu Mar 14 00:58:28 2019
elapsed time: 287 seconds (0d 0h 4m 47s)

